[DEBUG] 16:09:51:625 MEMORIA/(4232:4422): Recibi paquete del KERNEL
[DEBUG] 16:09:51:625 MEMORIA/(4232:4422): Abriendo el path /home/utnso/testrec1.txt
[DEBUG] 16:09:51:625 MEMORIA/(4232:4422): Codigo de instruccion obtenido: WAIT
[DEBUG] 16:09:51:625 MEMORIA/(4232:4422): Argumento: RA

[DEBUG] 16:09:51:625 MEMORIA/(4232:4422): Codigo de instruccion obtenido: IO_GEN_SLEEP
[DEBUG] 16:09:51:625 MEMORIA/(4232:4422): Argumento: DORMILON
[DEBUG] 16:09:51:625 MEMORIA/(4232:4422): Argumento: 15

[DEBUG] 16:09:51:625 MEMORIA/(4232:4422): Codigo de instruccion obtenido: SIGNAL
[DEBUG] 16:09:51:625 MEMORIA/(4232:4422): Argumento: RA

[DEBUG] 16:09:51:625 MEMORIA/(4232:4422): Codigo de instruccion obtenido: WAIT
[DEBUG] 16:09:51:625 MEMORIA/(4232:4422): Argumento: RA

[DEBUG] 16:09:51:625 MEMORIA/(4232:4422): Codigo de instruccion obtenido: EXIT
[DEBUG] 16:10:04:289 MEMORIA/(4232:4422): Recibi paquete del KERNEL
[DEBUG] 16:10:04:289 MEMORIA/(4232:4422): Abriendo el path /home/utnso/testrec2.txt
[DEBUG] 16:10:04:289 MEMORIA/(4232:4422): Codigo de instruccion obtenido: WAIT
[DEBUG] 16:10:04:289 MEMORIA/(4232:4422): Argumento: RA

[DEBUG] 16:10:04:289 MEMORIA/(4232:4422): Codigo de instruccion obtenido: EXIT
[DEBUG] 16:10:11:870 CPU/(4335:4335): Mande pedido a Memoria
[DEBUG] 16:10:11:870 CPU/(4335:4335): Recibi instruccion de Memoria
[DEBUG] 16:10:11:872 KERNEL/(4421:4426): Desalojo deserializado con motivo 3 y pid 0
[DEBUG] 16:10:11:872 KERNEL/(4421:4426): Reloj destruido
[DEBUG] 16:10:11:873 CPU/(4335:4335): Mande pedido a Memoria
[DEBUG] 16:10:11:873 CPU/(4335:4335): Recibi instruccion de Memoria
[DEBUG] 16:10:11:881 KERNEL/(4421:4426): Desalojo deserializado con motivo 2 y pid 0
[DEBUG] 16:10:11:881 KERNEL/(4421:4426): Reloj destruido
[DEBUG] 16:10:11:881 CPU/(4335:4335): Mande pedido a Memoria
[DEBUG] 16:10:11:881 CPU/(4335:4335): Recibi instruccion de Memoria
[DEBUG] 16:10:11:881 KERNEL/(4421:4426): Desalojo deserializado con motivo 3 y pid 1
[DEBUG] 16:10:11:881 KERNEL/(4421:4426): Reloj destruido
[DEBUG] 16:10:26:905 CPU/(4335:4335): Mande pedido a Memoria
[DEBUG] 16:10:26:905 CPU/(4335:4335): Recibi instruccion de Memoria
[DEBUG] 16:10:26:910 KERNEL/(4421:4426): Desalojo deserializado con motivo 4 y pid 0
[DEBUG] 16:10:26:911 KERNEL/(4421:4426): Reloj destruido
[DEBUG] 16:10:26:911 KERNEL/(4421:4426): Intentando popear recurso
[DEBUG] 16:10:26:911 CPU/(4335:4335): Mande pedido a Memoria
[DEBUG] 16:10:26:911 CPU/(4335:4335): Recibi instruccion de Memoria
[DEBUG] 16:10:26:920 KERNEL/(4421:4426): Desalojo deserializado con motivo 3 y pid 0
[DEBUG] 16:10:26:921 KERNEL/(4421:4426): Reloj destruido
[DEBUG] 16:10:26:921 CPU/(4335:4335): Mande pedido a Memoria
[DEBUG] 16:10:26:921 CPU/(4335:4335): Recibi instruccion de Memoria
[DEBUG] 16:10:26:925 KERNEL/(4421:4426): Desalojo deserializado con motivo 0 y pid 1
[DEBUG] 16:10:26:925 KERNEL/(4421:4426): Reloj destruido
[DEBUG] 16:10:26:925 KERNEL/(4421:4426): Intentando borrar pid
[DEBUG] 16:10:26:925 KERNEL/(4421:4426): Intentando desbloquear elemento
[DEBUG] 16:10:26:925 KERNEL/(4421:4426): Intentando popear recurso
[DEBUG] 16:10:26:925 KERNEL/(4421:4426): Intentando borrar pid
[DEBUG] 16:10:26:925 KERNEL/(4421:4426): Intentando borrar pid
[DEBUG] 16:10:26:925 CPU/(4335:4335): Mande pedido a Memoria
[DEBUG] 16:10:26:925 CPU/(4335:4335): Recibi instruccion de Memoria
[DEBUG] 16:10:26:925 KERNEL/(4421:4426): Desalojo deserializado con motivo 0 y pid 0
[DEBUG] 16:10:26:925 KERNEL/(4421:4426): Reloj destruido
[DEBUG] 16:10:26:925 KERNEL/(4421:4426): Intentando borrar pid
[DEBUG] 16:10:26:925 KERNEL/(4421:4426): Intentando desbloquear elemento
[DEBUG] 16:10:26:925 KERNEL/(4421:4426): Intentando borrar pid
[DEBUG] 16:10:26:925 KERNEL/(4421:4426): Intentando borrar pid
[DEBUG] 16:33:52:758 MEMORIA/(4232:4422): Recibi paquete del KERNEL
[DEBUG] 16:33:52:758 MEMORIA/(4232:4422): Recibi paquete del KERNEL
[DEBUG] 16:33:52:758 MEMORIA/(4232:4422): Recibi paquete del KERNEL
[DEBUG] 16:33:52:758 MEMORIA/(4232:4422): Recibi paquete del KERNEL
[DEBUG] 16:33:52:758 MEMORIA/(4232:4422): Recibi paquete del KERNEL
[DEBUG] 16:33:52:758 MEMORIA/(4232:4422): Recibi paquete del KERNEL
[DEBUG] 16:33:52:758 MEMORIA/(4232:4422): Recibi paquete del KERNEL
[DEBUG] 16:33:52:758 MEMORIA/(4232:4422): Recibi paquete del KERNEL
[DEBUG] 16:33:52:758 MEMORIA/(4232:4422): Recibi paquete del KERNEL
[DEBUG] 16:33:52:758 MEMORIA/(4232:4422): Recibi paquete del KERNEL
[DEBUG] 16:33:52:758 MEMORIA/(4232:4422): Recibi paquete del KERNEL
[DEBUG] 16:33:52:758 MEMORIA/(4232:4422): Recibi paquete del KERNEL
[DEBUG] 16:33:52:758 MEMORIA/(4232:4422): Recibi paquete del KERNEL
[DEBUG] 16:33:52:758 MEMORIA/(4232:4422): Recibi paquete del KERNEL
[DEBUG] 16:33:52:758 MEMORIA/(4232:4422): Recibi paquete del KERNEL
[DEBUG] 16:33:52:758 MEMORIA/(4232:4422): Recibi paquete del KERNEL
[DEBUG] 16:33:52:758 MEMORIA/(4232:4422): Recibi paquete del KERNEL
[DEBUG] 16:33:52:758 MEMORIA/(4232:4422): Recibi paquete del KERNEL
[DEBUG] 16:33:52:758 MEMORIA/(4232:4422): Recibi paquete del KERNEL
[DEBUG] 16:33:52:758 MEMORIA/(4232:4422): Recibi paquete del KERNEL
[DEBUG] 16:33:52:758 MEMORIA/(4232:4422): Recibi paquete del KERNEL
[DEBUG] 16:33:52:758 MEMORIA/(4232:4422): Recibi paquete del KERNEL
[DEBUG] 16:33:52:758 MEMORIA/(4232:4422): Recibi paquete del KERNEL
[DEBUG] 16:33:52:758 MEMORIA/(4232:4422): Recibi paquete del KERNEL
[DEBUG] 16:33:52:758 MEMORIA/(4232:4422): Recibi paquete del KERNEL
[DEBUG] 16:33:52:758 MEMORIA/(4232:4422): Recibi paquete del KERNEL
[DEBUG] 16:33:52:758 MEMORIA/(4232:4422): Recibi paquete del KERNEL
[DEBUG] 16:33:52:758 MEMORIA/(4232:4422): Recibi paquete del KERNEL
[DEBUG] 16:33:52:758 MEMORIA/(4232:4422): Recibi paquete del KERNEL
[DEBUG] 16:33:52:758 MEMORIA/(4232:4422): Recibi paquete del KERNEL
[DEBUG] 16:33:52:758 MEMORIA/(4232:4422): Recibi paquete del KERNEL
[DEBUG] 16:33:52:758 MEMORIA/(4232:4422): Recibi paquete del KERNEL
[DEBUG] 16:33:52:758 MEMORIA/(4232:4422): Recibi paquete del KERNEL
[DEBUG] 16:33:52:758 MEMORIA/(4232:4422): Recibi paquete del KERNEL
[DEBUG] 16:33:52:758 MEMORIA/(4232:4422): Recibi paquete del KERNEL
[DEBUG] 16:33:52:758 MEMORIA/(4232:4422): Recibi paquete del KERNEL
[DEBUG] 16:33:52:758 MEMORIA/(4232:4422): Recibi paquete del KERNEL
[DEBUG] 16:33:52:758 MEMORIA/(4232:4422): Recibi paquete del KERNEL
[DEBUG] 16:33:52:758 MEMORIA/(4232:4422): Recibi paquete del KERNEL
[DEBUG] 16:33:52:758 MEMORIA/(4232:4422): Recibi paquete del KERNEL
[DEBUG] 16:33:52:758 MEMORIA/(4232:4422): Recibi paquete del KERNEL
[DEBUG] 16:33:52:758 MEMORIA/(4232:4422): Recibi paquete del KERNEL
[DEBUG] 16:33:52:758 MEMORIA/(4232:4422): Recibi paquete del KERNEL
[DEBUG] 16:33:52:758 MEMORIA/(4232:4422): Recibi paquete del KERNEL
[DEBUG] 16:33:52:758 MEMORIA/(4232:4422): Recibi paquete del KERNEL
[DEBUG] 16:33:52:759 MEMORIA/(4232:4422): Recibi paquete del KERNEL
[DEBUG] 16:33:52:759 MEMORIA/(4232:4422): Recibi paquete del KERNEL
[DEBUG] 16:33:52:759 MEMORIA/(4232:4422): Recibi paquete del KERNEL
[DEBUG] 16:33:52:759 MEMORIA/(4232:4422): Recibi paquete del KERNEL
[DEBUG] 16:33:52:759 MEMORIA/(4232:4422): Recibi paquete del KERNEL
[DEBUG] 16:33:52:759 MEMORIA/(4232:4422): Recibi paquete del KERNEL
[DEBUG] 16:33:52:759 MEMORIA/(4232:4422): Recibi paquete del KERNEL
[DEBUG] 16:33:52:759 MEMORIA/(4232:4422): Recibi paquete del KERNEL
[DEBUG] 16:33:52:759 MEMORIA/(4232:4422): Recibi paquete del KERNEL
[DEBUG] 16:33:52:759 MEMORIA/(4232:4422): Recibi paquete del KERNEL
[DEBUG] 16:33:52:759 MEMORIA/(4232:4422): Recibi paquete del KERNEL
[DEBUG] 16:33:52:759 MEMORIA/(4232:4422): Recibi paquete del KERNEL
[DEBUG] 16:33:52:759 MEMORIA/(4232:4422): Recibi paquete del KERNEL
[DEBUG] 16:33:52:759 MEMORIA/(4232:4422): Recibi paquete del KERNEL
[DEBUG] 16:33:52:759 MEMORIA/(4232:4422): Recibi paquete del KERNEL
[DEBUG] 16:33:52:759 MEMORIA/(4232:4422): Recibi paquete del KERNEL
[DEBUG] 16:33:52:759 MEMORIA/(4232:4422): Recibi paquete del KERNEL
[DEBUG] 16:33:52:759 MEMORIA/(4232:4422): Recibi paquete del KERNEL
[DEBUG] 16:33:52:759 MEMORIA/(4232:4422): Recibi paquete del KERNEL
[DEBUG] 16:33:52:759 MEMORIA/(4232:4422): Recibi paquete del KERNEL
[DEBUG] 16:33:52:759 MEMORIA/(4232:4422): Recibi paquete del KERNEL
[DEBUG] 16:33:52:759 MEMORIA/(4232:4422): Recibi paquete del KERNEL
[DEBUG] 16:33:52:759 MEMORIA/(4232:4422): Recibi paquete del KERNEL
[DEBUG] 16:33:52:759 MEMORIA/(4232:4422): Recibi paquete del KERNEL
[DEBUG] 16:33:52:759 MEMORIA/(4232:4422): Recibi paquete del KERNEL
[DEBUG] 16:33:52:759 MEMORIA/(4232:4422): Recibi paquete del KERNEL
[DEBUG] 16:33:52:759 MEMORIA/(4232:4422): Recibi paquete del KERNEL
[DEBUG] 16:33:52:759 MEMORIA/(4232:4422): Recibi paquete del KERNEL
[DEBUG] 16:33:52:759 MEMORIA/(4232:4422): Recibi paquete del KERNEL
[DEBUG] 16:33:52:759 MEMORIA/(4232:4422): Recibi paquete del KERNEL
[DEBUG] 16:33:52:759 MEMORIA/(4232:4422): Recibi paquete del KERNEL
[DEBUG] 16:33:52:759 MEMORIA/(4232:4422): Recibi paquete del KERNEL
[DEBUG] 16:33:52:759 MEMORIA/(4232:4422): Recibi paquete del KERNEL
[DEBUG] 16:33:52:759 MEMORIA/(4232:4422): Recibi paquete del KERNEL
[DEBUG] 16:33:52:759 MEMORIA/(4232:4422): Recibi paquete del KERNEL
[DEBUG] 16:33:52:759 MEMORIA/(4232:4422): Recibi paquete del KERNEL
[DEBUG] 16:33:52:759 MEMORIA/(4232:4422): Recibi paquete del KERNEL
[DEBUG] 16:33:52:759 MEMORIA/(4232:4422): Recibi paquete del KERNEL
[DEBUG] 16:33:52:759 MEMORIA/(4232:4422): Recibi paquete del KERNEL
[DEBUG] 16:33:52:759 MEMORIA/(4232:4422): Recibi paquete del KERNEL
[DEBUG] 16:33:52:759 MEMORIA/(4232:4422): Recibi paquete del KERNEL
[DEBUG] 16:33:52:759 MEMORIA/(4232:4422): Recibi paquete del KERNEL
[DEBUG] 16:33:52:759 MEMORIA/(4232:4422): Recibi paquete del KERNEL
[DEBUG] 16:33:52:759 MEMORIA/(4232:4422): Recibi paquete del KERNEL
[DEBUG] 16:33:52:759 MEMORIA/(4232:4422): Recibi paquete del KERNEL
[DEBUG] 16:33:52:759 MEMORIA/(4232:4422): Recibi paquete del KERNEL
[DEBUG] 16:33:52:759 MEMORIA/(4232:4422): Recibi paquete del KERNEL
[DEBUG] 16:33:52:759 MEMORIA/(4232:4422): Recibi paquete del KERNEL
[DEBUG] 16:33:52:759 MEMORIA/(4232:4422): Recibi paquete del KERNEL
[DEBUG] 16:33:52:759 MEMORIA/(4232:4422): Recibi paquete del KERNEL
[DEBUG] 16:33:52:759 MEMORIA/(4232:4422): Recibi paquete del KERNEL
[DEBUG] 16:33:52:759 MEMORIA/(4232:4422): Recibi paquete del KERNEL
[DEBUG] 16:33:52:760 MEMORIA/(4232:4422): Recibi paquete del KERNEL
[DEBUG] 16:33:52:760 MEMORIA/(4232:4422): Recibi paquete del KERNEL
[DEBUG] 16:33:52:760 MEMORIA/(4232:4422): Recibi paquete del KERNEL
[DEBUG] 16:33:52:760 MEMORIA/(4232:4422): Recibi paquete del KERNEL
[DEBUG] 16:33:52:760 MEMORIA/(4232:4422): Recibi paquete del KERNEL
[DEBUG] 16:33:52:760 MEMORIA/(4232:4422): Recibi paquete del KERNEL
[DEBUG] 16:33:52:760 MEMORIA/(4232:4422): Recibi paquete del KERNEL
[DEBUG] 16:33:52:760 MEMORIA/(4232:4422): Recibi paquete del KERNEL
[DEBUG] 16:33:52:760 MEMORIA/(4232:4422): Recibi paquete del KERNEL
[DEBUG] 16:33:52:760 MEMORIA/(4232:4422): Recibi paquete del KERNEL
[DEBUG] 16:33:52:760 MEMORIA/(4232:4422): Recibi paquete del KERNEL
[DEBUG] 16:33:52:760 MEMORIA/(4232:4422): Recibi paquete del KERNEL
[DEBUG] 16:33:52:760 MEMORIA/(4232:4422): Recibi paquete del KERNEL
[DEBUG] 16:33:52:760 MEMORIA/(4232:4422): Recibi paquete del KERNEL
[DEBUG] 16:33:52:760 MEMORIA/(4232:4422): Recibi paquete del KERNEL
[DEBUG] 16:33:52:760 MEMORIA/(4232:4422): Recibi paquete del KERNEL
[DEBUG] 16:33:52:760 MEMORIA/(4232:4422): Recibi paquete del KERNEL
[DEBUG] 16:33:52:760 MEMORIA/(4232:4422): Recibi paquete del KERNEL
[DEBUG] 16:33:52:760 MEMORIA/(4232:4422): Recibi paquete del KERNEL
[DEBUG] 16:33:52:760 MEMORIA/(4232:4422): Recibi paquete del KERNEL
[DEBUG] 16:33:52:760 MEMORIA/(4232:4422): Recibi paquete del KERNEL
[DEBUG] 16:33:52:760 MEMORIA/(4232:4422): Recibi paquete del KERNEL
[DEBUG] 16:33:52:760 MEMORIA/(4232:4422): Recibi paquete del KERNEL
[DEBUG] 16:33:52:760 MEMORIA/(4232:4422): Recibi paquete del KERNEL
[DEBUG] 16:33:52:760 MEMORIA/(4232:4422): Recibi paquete del KERNEL
[DEBUG] 16:33:52:760 MEMORIA/(4232:4422): Recibi paquete del KERNEL
[DEBUG] 16:33:52:760 MEMORIA/(4232:4422): Recibi paquete del KERNEL
[DEBUG] 16:33:52:760 MEMORIA/(4232:4422): Recibi paquete del KERNEL
[DEBUG] 16:33:52:760 MEMORIA/(4232:4422): Recibi paquete del KERNEL
[DEBUG] 16:33:52:760 MEMORIA/(4232:4422): Recibi paquete del KERNEL
[DEBUG] 16:33:52:760 MEMORIA/(4232:4422): Recibi paquete del KERNEL
[DEBUG] 16:33:52:760 MEMORIA/(4232:4422): Recibi paquete del KERNEL
[DEBUG] 16:33:52:760 MEMORIA/(4232:4422): Recibi paquete del KERNEL
[DEBUG] 16:33:52:760 MEMORIA/(4232:4422): Recibi paquete del KERNEL
[DEBUG] 16:33:52:760 MEMORIA/(4232:4422): Recibi paquete del KERNEL
[DEBUG] 16:33:52:760 MEMORIA/(4232:4422): Recibi paquete del KERNEL
[DEBUG] 16:33:52:760 MEMORIA/(4232:4422): Recibi paquete del KERNEL
[DEBUG] 16:33:52:760 MEMORIA/(4232:4422): Recibi paquete del KERNEL
[DEBUG] 16:33:52:760 MEMORIA/(4232:4422): Recibi paquete del KERNEL
[DEBUG] 16:33:52:760 MEMORIA/(4232:4422): Recibi paquete del KERNEL
[DEBUG] 16:33:52:760 MEMORIA/(4232:4422): Recibi paquete del KERNEL
[DEBUG] 16:33:52:760 MEMORIA/(4232:4422): Recibi paquete del KERNEL
[DEBUG] 16:33:52:760 MEMORIA/(4232:4422): Recibi paquete del KERNEL
[DEBUG] 16:33:52:760 MEMORIA/(4232:4422): Recibi paquete del KERNEL
[DEBUG] 16:33:52:762 MEMORIA/(4232:4422): Recibi paquete del KERNEL
[DEBUG] 16:33:52:762 MEMORIA/(4232:4422): Recibi paquete del KERNEL
[DEBUG] 16:33:52:762 MEMORIA/(4232:4422): Recibi paquete del KERNEL
[DEBUG] 16:33:52:762 MEMORIA/(4232:4422): Recibi paquete del KERNEL
[DEBUG] 16:33:52:762 MEMORIA/(4232:4422): Recibi paquete del KERNEL
[DEBUG] 16:33:52:762 MEMORIA/(4232:4422): Recibi paquete del KERNEL
[DEBUG] 16:33:52:762 MEMORIA/(4232:4422): Recibi paquete del KERNEL
[DEBUG] 16:33:52:763 MEMORIA/(4232:4422): Recibi paquete del KERNEL
[DEBUG] 16:33:52:763 MEMORIA/(4232:4422): Recibi paquete del KERNEL
[DEBUG] 16:33:52:763 MEMORIA/(4232:4422): Recibi paquete del KERNEL
[DEBUG] 16:33:52:763 MEMORIA/(4232:4422): Recibi paquete del KERNEL
[DEBUG] 16:33:52:763 MEMORIA/(4232:4422): Recibi paquete del KERNEL
[DEBUG] 16:33:52:763 MEMORIA/(4232:4422): Recibi paquete del KERNEL
[DEBUG] 16:33:52:763 MEMORIA/(4232:4422): Recibi paquete del KERNEL
[DEBUG] 16:33:52:763 MEMORIA/(4232:4422): Recibi paquete del KERNEL
[DEBUG] 16:33:52:763 MEMORIA/(4232:4422): Recibi paquete del KERNEL
[DEBUG] 16:33:52:763 MEMORIA/(4232:4422): Recibi paquete del KERNEL
[DEBUG] 16:33:52:763 MEMORIA/(4232:4422): Recibi paquete del KERNEL
[DEBUG] 16:33:52:763 MEMORIA/(4232:4422): Recibi paquete del KERNEL
[DEBUG] 16:33:52:763 MEMORIA/(4232:4422): Recibi paquete del KERNEL
[DEBUG] 16:33:52:764 MEMORIA/(4232:4422): Recibi paquete del KERNEL
[DEBUG] 16:33:52:764 MEMORIA/(4232:4422): Recibi paquete del KERNEL
[DEBUG] 16:33:52:764 MEMORIA/(4232:4422): Recibi paquete del KERNEL
[DEBUG] 16:33:52:764 MEMORIA/(4232:4422): Recibi paquete del KERNEL
[DEBUG] 16:33:52:764 MEMORIA/(4232:4422): Recibi paquete del KERNEL
[DEBUG] 16:33:52:764 MEMORIA/(4232:4422): Recibi paquete del KERNEL
[DEBUG] 16:33:52:764 MEMORIA/(4232:4422): Recibi paquete del KERNEL
[DEBUG] 16:33:52:764 MEMORIA/(4232:4422): Recibi paquete del KERNEL
[DEBUG] 16:33:52:765 MEMORIA/(4232:4422): Recibi paquete del KERNEL
[DEBUG] 16:33:52:769 MEMORIA/(4232:4422): Recibi paquete del KERNEL
[DEBUG] 16:33:52:777 MEMORIA/(4232:4422): Recibi paquete del KERNEL
[DEBUG] 16:33:52:777 MEMORIA/(4232:4422): Recibi paquete del KERNEL
[DEBUG] 16:33:52:777 MEMORIA/(4232:4422): Recibi paquete del KERNEL
[DEBUG] 16:33:52:777 MEMORIA/(4232:4422): Recibi paquete del KERNEL
[DEBUG] 16:33:52:777 MEMORIA/(4232:4422): Recibi paquete del KERNEL
[DEBUG] 16:33:52:777 MEMORIA/(4232:4422): Recibi paquete del KERNEL
[DEBUG] 16:33:52:777 MEMORIA/(4232:4422): Recibi paquete del KERNEL
[DEBUG] 16:33:52:777 MEMORIA/(4232:4422): Recibi paquete del KERNEL
[DEBUG] 16:33:52:777 MEMORIA/(4232:4422): Recibi paquete del KERNEL
[DEBUG] 16:33:52:777 MEMORIA/(4232:4422): Recibi paquete del KERNEL
[DEBUG] 16:33:52:777 MEMORIA/(4232:4422): Recibi paquete del KERNEL
[DEBUG] 16:33:52:777 MEMORIA/(4232:4422): Recibi paquete del KERNEL
[DEBUG] 16:33:52:779 MEMORIA/(4232:4422): Recibi paquete del KERNEL
[DEBUG] 16:33:52:779 MEMORIA/(4232:4422): Recibi paquete del KERNEL
[DEBUG] 16:33:52:779 MEMORIA/(4232:4422): Recibi paquete del KERNEL
[DEBUG] 16:33:52:779 MEMORIA/(4232:4422): Recibi paquete del KERNEL
[DEBUG] 16:33:52:779 MEMORIA/(4232:4422): Recibi paquete del KERNEL
[DEBUG] 16:33:52:779 MEMORIA/(4232:4422): Recibi paquete del KERNEL
[DEBUG] 16:33:52:779 MEMORIA/(4232:4422): Recibi paquete del KERNEL
[DEBUG] 16:33:52:779 MEMORIA/(4232:4422): Recibi paquete del KERNEL
[DEBUG] 16:33:52:779 MEMORIA/(4232:4422): Recibi paquete del KERNEL
[DEBUG] 16:33:52:779 MEMORIA/(4232:4422): Recibi paquete del KERNEL
[DEBUG] 16:33:52:779 MEMORIA/(4232:4422): Recibi paquete del KERNEL
[DEBUG] 16:33:52:780 MEMORIA/(4232:4422): Recibi paquete del KERNEL
[DEBUG] 16:33:52:780 MEMORIA/(4232:4422): Recibi paquete del KERNEL
[DEBUG] 16:33:52:780 MEMORIA/(4232:4422): Recibi paquete del KERNEL
[DEBUG] 16:33:52:780 MEMORIA/(4232:4422): Recibi paquete del KERNEL
[DEBUG] 16:33:52:780 MEMORIA/(4232:4422): Recibi paquete del KERNEL
[DEBUG] 16:33:52:780 MEMORIA/(4232:4422): Recibi paquete del KERNEL
[DEBUG] 16:33:52:780 MEMORIA/(4232:4422): Recibi paquete del KERNEL
[DEBUG] 16:33:52:780 MEMORIA/(4232:4422): Recibi paquete del KERNEL
[DEBUG] 16:33:52:780 MEMORIA/(4232:4422): Recibi paquete del KERNEL
[DEBUG] 16:33:52:780 MEMORIA/(4232:4422): Recibi paquete del KERNEL
[DEBUG] 16:33:52:780 MEMORIA/(4232:4422): Recibi paquete del KERNEL
[DEBUG] 16:33:52:780 MEMORIA/(4232:4422): Recibi paquete del KERNEL
[DEBUG] 16:33:52:780 MEMORIA/(4232:4422): Recibi paquete del KERNEL
[DEBUG] 16:33:52:780 MEMORIA/(4232:4422): Recibi paquete del KERNEL
[DEBUG] 16:33:52:780 MEMORIA/(4232:4422): Recibi paquete del KERNEL
[DEBUG] 16:33:52:780 MEMORIA/(4232:4422): Recibi paquete del KERNEL
[DEBUG] 16:33:52:780 MEMORIA/(4232:4422): Recibi paquete del KERNEL
[DEBUG] 16:33:52:780 MEMORIA/(4232:4422): Recibi paquete del KERNEL
[DEBUG] 16:33:52:780 MEMORIA/(4232:4422): Recibi paquete del KERNEL
[DEBUG] 16:33:52:780 MEMORIA/(4232:4422): Recibi paquete del KERNEL
[DEBUG] 16:33:52:785 MEMORIA/(4232:4422): Recibi paquete del KERNEL
[DEBUG] 16:33:52:785 MEMORIA/(4232:4422): Recibi paquete del KERNEL
[DEBUG] 16:33:52:785 MEMORIA/(4232:4422): Recibi paquete del KERNEL
[DEBUG] 16:33:52:785 MEMORIA/(4232:4422): Recibi paquete del KERNEL
[DEBUG] 16:33:52:785 MEMORIA/(4232:4422): Recibi paquete del KERNEL
[DEBUG] 16:33:52:785 MEMORIA/(4232:4422): Recibi paquete del KERNEL
[DEBUG] 16:33:52:785 MEMORIA/(4232:4422): Recibi paquete del KERNEL
[DEBUG] 16:33:52:785 MEMORIA/(4232:4422): Recibi paquete del KERNEL
[DEBUG] 16:33:52:785 MEMORIA/(4232:4422): Recibi paquete del KERNEL
[DEBUG] 16:33:52:787 MEMORIA/(4232:4422): Recibi paquete del KERNEL
[DEBUG] 16:33:52:787 MEMORIA/(4232:4422): Recibi paquete del KERNEL
[DEBUG] 16:33:52:787 MEMORIA/(4232:4422): Recibi paquete del KERNEL
[DEBUG] 16:33:52:787 MEMORIA/(4232:4422): Recibi paquete del KERNEL
[DEBUG] 16:33:52:787 MEMORIA/(4232:4422): Recibi paquete del KERNEL
[DEBUG] 16:33:52:787 MEMORIA/(4232:4422): Recibi paquete del KERNEL
[DEBUG] 16:33:52:805 MEMORIA/(4232:4422): Recibi paquete del KERNEL
[DEBUG] 16:33:52:805 MEMORIA/(4232:4422): Recibi paquete del KERNEL
[DEBUG] 16:33:52:805 MEMORIA/(4232:4422): Recibi paquete del KERNEL
[DEBUG] 16:33:52:805 MEMORIA/(4232:4422): Recibi paquete del KERNEL
[DEBUG] 16:33:52:805 MEMORIA/(4232:4422): Recibi paquete del KERNEL
[DEBUG] 16:33:52:805 MEMORIA/(4232:4422): Recibi paquete del KERNEL
[DEBUG] 16:33:52:805 MEMORIA/(4232:4422): Recibi paquete del KERNEL
[DEBUG] 16:33:52:805 MEMORIA/(4232:4422): Recibi paquete del KERNEL
[DEBUG] 16:33:52:805 MEMORIA/(4232:4422): Recibi paquete del KERNEL
[DEBUG] 16:33:52:806 MEMORIA/(4232:4422): Recibi paquete del KERNEL
[DEBUG] 16:33:52:806 MEMORIA/(4232:4422): Recibi paquete del KERNEL
[DEBUG] 16:33:52:806 MEMORIA/(4232:4422): Recibi paquete del KERNEL
[DEBUG] 16:33:52:806 MEMORIA/(4232:4422): Recibi paquete del KERNEL
[DEBUG] 16:33:52:806 MEMORIA/(4232:4422): Recibi paquete del KERNEL
[DEBUG] 16:33:52:806 MEMORIA/(4232:4422): Recibi paquete del KERNEL
[DEBUG] 16:33:52:806 MEMORIA/(4232:4422): Recibi paquete del KERNEL
[DEBUG] 16:33:52:806 MEMORIA/(4232:4422): Recibi paquete del KERNEL
[DEBUG] 16:33:52:807 MEMORIA/(4232:4422): Recibi paquete del KERNEL
[DEBUG] 16:33:52:807 MEMORIA/(4232:4422): Recibi paquete del KERNEL
[DEBUG] 16:33:52:807 MEMORIA/(4232:4422): Recibi paquete del KERNEL
[DEBUG] 16:33:52:807 MEMORIA/(4232:4422): Recibi paquete del KERNEL
[DEBUG] 16:33:52:807 MEMORIA/(4232:4422): Recibi paquete del KERNEL
[DEBUG] 16:33:52:807 MEMORIA/(4232:4422): Recibi paquete del KERNEL
[DEBUG] 16:33:52:807 MEMORIA/(4232:4422): Recibi paquete del KERNEL
[DEBUG] 16:33:52:807 MEMORIA/(4232:4422): Recibi paquete del KERNEL
[DEBUG] 16:33:52:807 MEMORIA/(4232:4422): Recibi paquete del KERNEL
[DEBUG] 16:33:52:808 MEMORIA/(4232:4422): Recibi paquete del KERNEL
[DEBUG] 16:33:52:808 MEMORIA/(4232:4422): Recibi paquete del KERNEL
[DEBUG] 16:33:52:808 MEMORIA/(4232:4422): Recibi paquete del KERNEL
[DEBUG] 16:33:52:808 MEMORIA/(4232:4422): Recibi paquete del KERNEL
[DEBUG] 16:33:52:808 MEMORIA/(4232:4422): Recibi paquete del KERNEL
[DEBUG] 16:33:52:812 MEMORIA/(4232:4422): Recibi paquete del KERNEL
[DEBUG] 16:33:52:812 MEMORIA/(4232:4422): Recibi paquete del KERNEL
[DEBUG] 16:33:52:812 MEMORIA/(4232:4422): Recibi paquete del KERNEL
[DEBUG] 16:33:52:817 MEMORIA/(4232:4422): Recibi paquete del KERNEL
[DEBUG] 16:33:52:825 MEMORIA/(4232:4422): Recibi paquete del KERNEL
[DEBUG] 16:33:52:833 MEMORIA/(4232:4422): Recibi paquete del KERNEL
[DEBUG] 16:33:52:833 MEMORIA/(4232:4422): Recibi paquete del KERNEL
[DEBUG] 16:33:52:833 MEMORIA/(4232:4422): Recibi paquete del KERNEL
[DEBUG] 16:33:52:833 MEMORIA/(4232:4422): Recibi paquete del KERNEL
[DEBUG] 16:33:52:833 MEMORIA/(4232:4422): Recibi paquete del KERNEL
[DEBUG] 16:33:52:833 MEMORIA/(4232:4422): Recibi paquete del KERNEL
[DEBUG] 16:33:52:833 MEMORIA/(4232:4422): Recibi paquete del KERNEL
[DEBUG] 16:33:52:833 MEMORIA/(4232:4422): Recibi paquete del KERNEL
[DEBUG] 16:33:52:834 MEMORIA/(4232:4422): Recibi paquete del KERNEL
[DEBUG] 16:33:52:834 MEMORIA/(4232:4422): Recibi paquete del KERNEL
[DEBUG] 16:33:52:837 MEMORIA/(4232:4422): Recibi paquete del KERNEL
[DEBUG] 16:33:52:837 MEMORIA/(4232:4422): Recibi paquete del KERNEL
[DEBUG] 16:33:52:837 MEMORIA/(4232:4422): Recibi paquete del KERNEL
[DEBUG] 16:33:52:837 MEMORIA/(4232:4422): Recibi paquete del KERNEL
[DEBUG] 16:33:52:837 MEMORIA/(4232:4422): Recibi paquete del KERNEL
[DEBUG] 16:33:52:837 MEMORIA/(4232:4422): Recibi paquete del KERNEL
[DEBUG] 16:33:52:837 MEMORIA/(4232:4422): Recibi paquete del KERNEL
[DEBUG] 16:33:52:837 MEMORIA/(4232:4422): Recibi paquete del KERNEL
[DEBUG] 16:33:52:837 MEMORIA/(4232:4422): Recibi paquete del KERNEL
[DEBUG] 16:33:52:838 MEMORIA/(4232:4422): Recibi paquete del KERNEL
[DEBUG] 16:33:52:838 MEMORIA/(4232:4422): Recibi paquete del KERNEL
[DEBUG] 16:33:52:838 MEMORIA/(4232:4422): Recibi paquete del KERNEL
[DEBUG] 16:33:52:838 MEMORIA/(4232:4422): Recibi paquete del KERNEL
[DEBUG] 16:33:52:838 MEMORIA/(4232:4422): Recibi paquete del KERNEL
[DEBUG] 16:33:52:838 MEMORIA/(4232:4422): Recibi paquete del KERNEL
[DEBUG] 16:33:52:838 MEMORIA/(4232:4422): Recibi paquete del KERNEL
[DEBUG] 16:33:52:838 MEMORIA/(4232:4422): Recibi paquete del KERNEL
[DEBUG] 16:33:52:838 MEMORIA/(4232:4422): Recibi paquete del KERNEL
[DEBUG] 16:33:52:838 MEMORIA/(4232:4422): Recibi paquete del KERNEL
[DEBUG] 16:33:52:840 MEMORIA/(4232:4422): Recibi paquete del KERNEL
[DEBUG] 16:33:52:840 MEMORIA/(4232:4422): Recibi paquete del KERNEL
[DEBUG] 16:33:52:841 MEMORIA/(4232:4422): Recibi paquete del KERNEL
[DEBUG] 16:33:52:841 MEMORIA/(4232:4422): Recibi paquete del KERNEL
[DEBUG] 16:33:52:841 MEMORIA/(4232:4422): Recibi paquete del KERNEL
[DEBUG] 16:33:52:841 MEMORIA/(4232:4422): Recibi paquete del KERNEL
[DEBUG] 16:33:52:841 MEMORIA/(4232:4422): Recibi paquete del KERNEL
[DEBUG] 16:33:52:841 MEMORIA/(4232:4422): Recibi paquete del KERNEL
[DEBUG] 16:33:52:841 MEMORIA/(4232:4422): Recibi paquete del KERNEL
[DEBUG] 16:33:52:841 MEMORIA/(4232:4422): Recibi paquete del KERNEL
[DEBUG] 16:33:52:841 MEMORIA/(4232:4422): Recibi paquete del KERNEL
[DEBUG] 16:33:52:841 MEMORIA/(4232:4422): Recibi paquete del KERNEL
[DEBUG] 16:33:52:841 MEMORIA/(4232:4422): Recibi paquete del KERNEL
[DEBUG] 16:33:52:841 MEMORIA/(4232:4422): Recibi paquete del KERNEL
[DEBUG] 16:33:52:841 MEMORIA/(4232:4422): Recibi paquete del KERNEL
[DEBUG] 16:33:52:841 MEMORIA/(4232:4422): Recibi paquete del KERNEL
[DEBUG] 16:33:52:841 MEMORIA/(4232:4422): Recibi paquete del KERNEL
[DEBUG] 16:33:52:842 MEMORIA/(4232:4422): Recibi paquete del KERNEL
[DEBUG] 16:33:52:842 MEMORIA/(4232:4422): Recibi paquete del KERNEL
[DEBUG] 16:33:52:842 MEMORIA/(4232:4422): Recibi paquete del KERNEL
[DEBUG] 16:33:52:842 MEMORIA/(4232:4422): Recibi paquete del KERNEL
[DEBUG] 16:33:52:842 MEMORIA/(4232:4422): Recibi paquete del KERNEL
[DEBUG] 16:33:52:842 MEMORIA/(4232:4422): Recibi paquete del KERNEL
[DEBUG] 16:33:52:842 MEMORIA/(4232:4422): Recibi paquete del KERNEL
[DEBUG] 16:33:52:842 MEMORIA/(4232:4422): Recibi paquete del KERNEL
[DEBUG] 16:33:52:842 MEMORIA/(4232:4422): Recibi paquete del KERNEL
[DEBUG] 16:33:52:842 MEMORIA/(4232:4422): Recibi paquete del KERNEL
[DEBUG] 16:33:52:842 MEMORIA/(4232:4422): Recibi paquete del KERNEL
[DEBUG] 16:33:52:842 MEMORIA/(4232:4422): Recibi paquete del KERNEL
[DEBUG] 16:33:52:861 MEMORIA/(4232:4422): Recibi paquete del KERNEL
[DEBUG] 16:33:52:861 MEMORIA/(4232:4422): Recibi paquete del KERNEL
[DEBUG] 16:33:52:861 MEMORIA/(4232:4422): Recibi paquete del KERNEL
[DEBUG] 16:33:52:861 MEMORIA/(4232:4422): Recibi paquete del KERNEL
[DEBUG] 16:33:52:861 MEMORIA/(4232:4422): Recibi paquete del KERNEL
[DEBUG] 16:33:52:861 MEMORIA/(4232:4422): Recibi paquete del KERNEL
[DEBUG] 16:33:52:861 MEMORIA/(4232:4422): Recibi paquete del KERNEL
[DEBUG] 16:33:52:862 MEMORIA/(4232:4422): Recibi paquete del KERNEL
[DEBUG] 16:33:52:862 MEMORIA/(4232:4422): Recibi paquete del KERNEL
[DEBUG] 16:33:52:862 MEMORIA/(4232:4422): Recibi paquete del KERNEL
[DEBUG] 16:33:52:862 MEMORIA/(4232:4422): Recibi paquete del KERNEL
[DEBUG] 16:33:52:862 MEMORIA/(4232:4422): Recibi paquete del KERNEL
[DEBUG] 16:33:52:862 MEMORIA/(4232:4422): Recibi paquete del KERNEL
[DEBUG] 16:33:52:862 MEMORIA/(4232:4422): Recibi paquete del KERNEL
[DEBUG] 16:33:52:862 MEMORIA/(4232:4422): Recibi paquete del KERNEL
[DEBUG] 16:33:52:862 MEMORIA/(4232:4422): Recibi paquete del KERNEL
[DEBUG] 16:33:52:863 MEMORIA/(4232:4422): Recibi paquete del KERNEL
[DEBUG] 16:33:52:863 MEMORIA/(4232:4422): Recibi paquete del KERNEL
[DEBUG] 16:33:52:870 MEMORIA/(4232:4422): Recibi paquete del KERNEL
[DEBUG] 16:33:52:870 MEMORIA/(4232:4422): Recibi paquete del KERNEL
[DEBUG] 16:33:52:870 MEMORIA/(4232:4422): Recibi paquete del KERNEL
[DEBUG] 16:33:52:870 MEMORIA/(4232:4422): Recibi paquete del KERNEL
[DEBUG] 16:33:52:872 MEMORIA/(4232:4422): Recibi paquete del KERNEL
[DEBUG] 16:33:52:873 MEMORIA/(4232:4422): Recibi paquete del KERNEL
[DEBUG] 16:33:52:873 MEMORIA/(4232:4422): Recibi paquete del KERNEL
[DEBUG] 16:33:52:873 MEMORIA/(4232:4422): Recibi paquete del KERNEL
[DEBUG] 16:33:52:873 MEMORIA/(4232:4422): Recibi paquete del KERNEL
[DEBUG] 16:33:52:873 MEMORIA/(4232:4422): Recibi paquete del KERNEL
[DEBUG] 16:33:52:873 MEMORIA/(4232:4422): Recibi paquete del KERNEL
[DEBUG] 16:33:52:873 MEMORIA/(4232:4422): Recibi paquete del KERNEL
[DEBUG] 16:33:52:873 MEMORIA/(4232:4422): Recibi paquete del KERNEL
[DEBUG] 16:33:52:873 MEMORIA/(4232:4422): Recibi paquete del KERNEL
[DEBUG] 16:33:52:873 MEMORIA/(4232:4422): Recibi paquete del KERNEL
[DEBUG] 16:33:52:873 MEMORIA/(4232:4422): Recibi paquete del KERNEL
[DEBUG] 16:33:52:873 MEMORIA/(4232:4422): Recibi paquete del KERNEL
[DEBUG] 16:33:52:873 MEMORIA/(4232:4422): Recibi paquete del KERNEL
[DEBUG] 16:33:52:873 MEMORIA/(4232:4422): Recibi paquete del KERNEL
[DEBUG] 16:33:52:873 MEMORIA/(4232:4422): Recibi paquete del KERNEL
[DEBUG] 16:33:52:873 MEMORIA/(4232:4422): Recibi paquete del KERNEL
[DEBUG] 16:33:52:873 MEMORIA/(4232:4422): Recibi paquete del KERNEL
[DEBUG] 16:33:52:873 MEMORIA/(4232:4422): Recibi paquete del KERNEL
[DEBUG] 16:33:52:873 MEMORIA/(4232:4422): Recibi paquete del KERNEL
[DEBUG] 16:33:52:873 MEMORIA/(4232:4422): Recibi paquete del KERNEL
[DEBUG] 16:33:52:873 MEMORIA/(4232:4422): Recibi paquete del KERNEL
[DEBUG] 16:33:52:874 MEMORIA/(4232:4422): Recibi paquete del KERNEL
[DEBUG] 16:33:52:874 MEMORIA/(4232:4422): Recibi paquete del KERNEL
[DEBUG] 16:33:52:874 MEMORIA/(4232:4422): Recibi paquete del KERNEL
[DEBUG] 16:33:52:874 MEMORIA/(4232:4422): Recibi paquete del KERNEL
[DEBUG] 16:33:52:877 MEMORIA/(4232:4422): Recibi paquete del KERNEL
[DEBUG] 16:33:52:877 MEMORIA/(4232:4422): Recibi paquete del KERNEL
[DEBUG] 16:33:52:877 MEMORIA/(4232:4422): Recibi paquete del KERNEL
[DEBUG] 16:33:52:877 MEMORIA/(4232:4422): Recibi paquete del KERNEL
[DEBUG] 16:33:52:877 MEMORIA/(4232:4422): Recibi paquete del KERNEL
[DEBUG] 16:33:52:877 MEMORIA/(4232:4422): Recibi paquete del KERNEL
[DEBUG] 16:33:52:877 MEMORIA/(4232:4422): Recibi paquete del KERNEL
[DEBUG] 16:33:52:877 MEMORIA/(4232:4422): Recibi paquete del KERNEL
[DEBUG] 16:33:52:877 MEMORIA/(4232:4422): Recibi paquete del KERNEL
[DEBUG] 16:33:52:877 MEMORIA/(4232:4422): Recibi paquete del KERNEL
[DEBUG] 16:33:52:877 MEMORIA/(4232:4422): Recibi paquete del KERNEL
[DEBUG] 16:33:52:877 MEMORIA/(4232:4422): Recibi paquete del KERNEL
[DEBUG] 16:33:52:877 MEMORIA/(4232:4422): Recibi paquete del KERNEL
[DEBUG] 16:33:52:877 MEMORIA/(4232:4422): Recibi paquete del KERNEL
[DEBUG] 16:33:52:877 MEMORIA/(4232:4422): Recibi paquete del KERNEL
[DEBUG] 16:33:52:877 MEMORIA/(4232:4422): Recibi paquete del KERNEL
[DEBUG] 16:33:52:878 MEMORIA/(4232:4422): Recibi paquete del KERNEL
[DEBUG] 16:33:52:878 MEMORIA/(4232:4422): Recibi paquete del KERNEL
[DEBUG] 16:33:52:878 MEMORIA/(4232:4422): Recibi paquete del KERNEL
[DEBUG] 16:33:52:878 MEMORIA/(4232:4422): Recibi paquete del KERNEL
[DEBUG] 16:33:52:878 MEMORIA/(4232:4422): Recibi paquete del KERNEL
[DEBUG] 16:33:52:879 MEMORIA/(4232:4422): Recibi paquete del KERNEL
[DEBUG] 16:33:52:879 MEMORIA/(4232:4422): Recibi paquete del KERNEL
[DEBUG] 16:33:52:879 MEMORIA/(4232:4422): Recibi paquete del KERNEL
[DEBUG] 16:33:52:879 MEMORIA/(4232:4422): Recibi paquete del KERNEL
[DEBUG] 16:33:52:888 MEMORIA/(4232:4422): Recibi paquete del KERNEL
[DEBUG] 16:33:52:896 MEMORIA/(4232:4422): Recibi paquete del KERNEL
[DEBUG] 16:33:52:897 MEMORIA/(4232:4422): Recibi paquete del KERNEL
[DEBUG] 16:33:52:897 MEMORIA/(4232:4422): Recibi paquete del KERNEL
[DEBUG] 16:33:52:897 MEMORIA/(4232:4422): Recibi paquete del KERNEL
[DEBUG] 16:33:52:897 MEMORIA/(4232:4422): Recibi paquete del KERNEL
[DEBUG] 16:33:52:897 MEMORIA/(4232:4422): Recibi paquete del KERNEL
[DEBUG] 16:33:52:897 MEMORIA/(4232:4422): Recibi paquete del KERNEL
[DEBUG] 16:33:52:897 MEMORIA/(4232:4422): Recibi paquete del KERNEL
[DEBUG] 16:33:52:897 MEMORIA/(4232:4422): Recibi paquete del KERNEL
[DEBUG] 16:33:52:897 MEMORIA/(4232:4422): Recibi paquete del KERNEL
[DEBUG] 16:33:52:897 MEMORIA/(4232:4422): Recibi paquete del KERNEL
[DEBUG] 16:33:52:897 MEMORIA/(4232:4422): Recibi paquete del KERNEL
[DEBUG] 16:33:52:897 MEMORIA/(4232:4422): Recibi paquete del KERNEL
[DEBUG] 16:33:52:897 MEMORIA/(4232:4422): Recibi paquete del KERNEL
[DEBUG] 16:33:52:898 MEMORIA/(4232:4422): Recibi paquete del KERNEL
[DEBUG] 16:33:52:898 MEMORIA/(4232:4422): Recibi paquete del KERNEL
[DEBUG] 16:33:52:898 MEMORIA/(4232:4422): Recibi paquete del KERNEL
[DEBUG] 16:33:52:898 MEMORIA/(4232:4422): Recibi paquete del KERNEL
[DEBUG] 16:33:52:898 MEMORIA/(4232:4422): Recibi paquete del KERNEL
[DEBUG] 16:33:52:898 MEMORIA/(4232:4422): Recibi paquete del KERNEL
[DEBUG] 16:33:52:898 MEMORIA/(4232:4422): Recibi paquete del KERNEL
[DEBUG] 16:33:52:905 MEMORIA/(4232:4422): Recibi paquete del KERNEL
[DEBUG] 16:33:52:905 MEMORIA/(4232:4422): Recibi paquete del KERNEL
[DEBUG] 16:33:52:905 MEMORIA/(4232:4422): Recibi paquete del KERNEL
[DEBUG] 16:33:52:905 MEMORIA/(4232:4422): Recibi paquete del KERNEL
[DEBUG] 16:33:52:905 MEMORIA/(4232:4422): Recibi paquete del KERNEL
[DEBUG] 16:33:52:905 MEMORIA/(4232:4422): Recibi paquete del KERNEL
[DEBUG] 16:33:52:905 MEMORIA/(4232:4422): Recibi paquete del KERNEL
[DEBUG] 16:33:52:905 MEMORIA/(4232:4422): Recibi paquete del KERNEL
[DEBUG] 16:33:52:905 MEMORIA/(4232:4422): Recibi paquete del KERNEL
[DEBUG] 16:33:52:905 MEMORIA/(4232:4422): Recibi paquete del KERNEL
[DEBUG] 16:33:52:905 MEMORIA/(4232:4422): Recibi paquete del KERNEL
[DEBUG] 16:33:52:905 MEMORIA/(4232:4422): Recibi paquete del KERNEL
[DEBUG] 16:33:52:905 MEMORIA/(4232:4422): Recibi paquete del KERNEL
[DEBUG] 16:33:52:905 MEMORIA/(4232:4422): Recibi paquete del KERNEL
[DEBUG] 16:33:52:905 MEMORIA/(4232:4422): Recibi paquete del KERNEL
[DEBUG] 16:33:52:906 MEMORIA/(4232:4422): Recibi paquete del KERNEL
[DEBUG] 16:33:52:906 MEMORIA/(4232:4422): Recibi paquete del KERNEL
[DEBUG] 16:33:52:906 MEMORIA/(4232:4422): Recibi paquete del KERNEL
[DEBUG] 16:33:52:907 MEMORIA/(4232:4422): Recibi paquete del KERNEL
[DEBUG] 16:33:52:907 MEMORIA/(4232:4422): Recibi paquete del KERNEL
[DEBUG] 16:33:52:907 MEMORIA/(4232:4422): Recibi paquete del KERNEL
[DEBUG] 16:33:52:907 MEMORIA/(4232:4422): Recibi paquete del KERNEL
[DEBUG] 16:33:52:907 MEMORIA/(4232:4422): Recibi paquete del KERNEL
[DEBUG] 16:33:52:907 MEMORIA/(4232:4422): Recibi paquete del KERNEL
[DEBUG] 16:33:52:907 MEMORIA/(4232:4422): Recibi paquete del KERNEL
[DEBUG] 16:33:52:907 MEMORIA/(4232:4422): Recibi paquete del KERNEL
[DEBUG] 16:33:52:907 MEMORIA/(4232:4422): Recibi paquete del KERNEL
[DEBUG] 16:33:52:907 MEMORIA/(4232:4422): Recibi paquete del KERNEL
[DEBUG] 16:33:52:908 MEMORIA/(4232:4422): Recibi paquete del KERNEL
[DEBUG] 16:33:52:908 MEMORIA/(4232:4422): Recibi paquete del KERNEL
[DEBUG] 16:33:52:908 MEMORIA/(4232:4422): Recibi paquete del KERNEL
[DEBUG] 16:33:52:908 MEMORIA/(4232:4422): Recibi paquete del KERNEL
[DEBUG] 16:33:52:908 MEMORIA/(4232:4422): Recibi paquete del KERNEL
[DEBUG] 16:33:52:908 MEMORIA/(4232:4422): Recibi paquete del KERNEL
[DEBUG] 16:33:52:908 MEMORIA/(4232:4422): Recibi paquete del KERNEL
[DEBUG] 16:33:52:908 MEMORIA/(4232:4422): Recibi paquete del KERNEL
[DEBUG] 16:33:52:908 MEMORIA/(4232:4422): Recibi paquete del KERNEL
[DEBUG] 16:33:52:908 MEMORIA/(4232:4422): Recibi paquete del KERNEL
[DEBUG] 16:33:52:908 MEMORIA/(4232:4422): Recibi paquete del KERNEL
[DEBUG] 16:33:52:908 MEMORIA/(4232:4422): Recibi paquete del KERNEL
[DEBUG] 16:33:52:908 MEMORIA/(4232:4422): Recibi paquete del KERNEL
[DEBUG] 16:33:52:908 MEMORIA/(4232:4422): Recibi paquete del KERNEL
[DEBUG] 16:33:52:912 MEMORIA/(4232:4422): Recibi paquete del KERNEL
[DEBUG] 16:33:52:918 MEMORIA/(4232:4422): Recibi paquete del KERNEL
[DEBUG] 16:33:52:918 MEMORIA/(4232:4422): Recibi paquete del KERNEL
[DEBUG] 16:33:52:918 MEMORIA/(4232:4422): Recibi paquete del KERNEL
[DEBUG] 16:33:52:918 MEMORIA/(4232:4422): Recibi paquete del KERNEL
[DEBUG] 16:33:52:918 MEMORIA/(4232:4422): Recibi paquete del KERNEL
[DEBUG] 16:33:52:919 MEMORIA/(4232:4422): Recibi paquete del KERNEL
[DEBUG] 16:33:52:919 MEMORIA/(4232:4422): Recibi paquete del KERNEL
[DEBUG] 16:33:52:919 MEMORIA/(4232:4422): Recibi paquete del KERNEL
[DEBUG] 16:33:52:919 MEMORIA/(4232:4422): Recibi paquete del KERNEL
[DEBUG] 16:33:52:919 MEMORIA/(4232:4422): Recibi paquete del KERNEL
[DEBUG] 16:33:52:919 MEMORIA/(4232:4422): Recibi paquete del KERNEL
[DEBUG] 16:33:52:919 MEMORIA/(4232:4422): Recibi paquete del KERNEL
[DEBUG] 16:33:52:919 MEMORIA/(4232:4422): Recibi paquete del KERNEL
[DEBUG] 16:33:52:920 MEMORIA/(4232:4422): Recibi paquete del KERNEL
[DEBUG] 16:33:52:920 MEMORIA/(4232:4422): Recibi paquete del KERNEL
[DEBUG] 16:33:52:920 MEMORIA/(4232:4422): Recibi paquete del KERNEL
[DEBUG] 16:33:52:920 MEMORIA/(4232:4422): Recibi paquete del KERNEL
[DEBUG] 16:33:52:920 MEMORIA/(4232:4422): Recibi paquete del KERNEL
[DEBUG] 16:33:52:929 MEMORIA/(4232:4422): Recibi paquete del KERNEL
[DEBUG] 16:33:52:929 MEMORIA/(4232:4422): Recibi paquete del KERNEL
[DEBUG] 16:33:52:929 MEMORIA/(4232:4422): Recibi paquete del KERNEL
[DEBUG] 16:33:52:929 MEMORIA/(4232:4422): Recibi paquete del KERNEL
[DEBUG] 16:33:52:929 MEMORIA/(4232:4422): Recibi paquete del KERNEL
[DEBUG] 16:33:52:929 MEMORIA/(4232:4422): Recibi paquete del KERNEL
[DEBUG] 16:33:52:929 MEMORIA/(4232:4422): Recibi paquete del KERNEL
[DEBUG] 16:33:52:929 MEMORIA/(4232:4422): Recibi paquete del KERNEL
[DEBUG] 16:33:52:929 MEMORIA/(4232:4422): Recibi paquete del KERNEL
[DEBUG] 16:33:52:929 MEMORIA/(4232:4422): Recibi paquete del KERNEL
[DEBUG] 16:33:52:929 MEMORIA/(4232:4422): Recibi paquete del KERNEL
[DEBUG] 16:33:52:929 MEMORIA/(4232:4422): Recibi paquete del KERNEL
[DEBUG] 16:33:52:929 MEMORIA/(4232:4422): Recibi paquete del KERNEL
[DEBUG] 16:33:52:929 MEMORIA/(4232:4422): Recibi paquete del KERNEL
[DEBUG] 16:33:52:929 MEMORIA/(4232:4422): Recibi paquete del KERNEL
[DEBUG] 16:33:52:930 MEMORIA/(4232:4422): Recibi paquete del KERNEL
[DEBUG] 16:33:52:930 MEMORIA/(4232:4422): Recibi paquete del KERNEL
[DEBUG] 16:33:52:931 MEMORIA/(4232:4422): Recibi paquete del KERNEL
[DEBUG] 16:33:52:931 MEMORIA/(4232:4422): Recibi paquete del KERNEL
[DEBUG] 16:33:52:931 MEMORIA/(4232:4422): Recibi paquete del KERNEL
[DEBUG] 16:33:52:931 MEMORIA/(4232:4422): Recibi paquete del KERNEL
[DEBUG] 16:33:52:931 MEMORIA/(4232:4422): Recibi paquete del KERNEL
[DEBUG] 16:33:52:931 MEMORIA/(4232:4422): Recibi paquete del KERNEL
[DEBUG] 16:33:52:931 MEMORIA/(4232:4422): Recibi paquete del KERNEL
[DEBUG] 16:33:52:931 MEMORIA/(4232:4422): Recibi paquete del KERNEL
[DEBUG] 16:33:52:931 MEMORIA/(4232:4422): Recibi paquete del KERNEL
[DEBUG] 16:33:52:931 MEMORIA/(4232:4422): Recibi paquete del KERNEL
[DEBUG] 16:33:52:931 MEMORIA/(4232:4422): Recibi paquete del KERNEL
[DEBUG] 16:33:52:933 MEMORIA/(4232:4422): Recibi paquete del KERNEL
[DEBUG] 16:33:52:933 MEMORIA/(4232:4422): Recibi paquete del KERNEL
[DEBUG] 16:33:52:933 MEMORIA/(4232:4422): Recibi paquete del KERNEL
[DEBUG] 16:33:52:933 MEMORIA/(4232:4422): Recibi paquete del KERNEL
[DEBUG] 16:33:52:933 MEMORIA/(4232:4422): Recibi paquete del KERNEL
[DEBUG] 16:33:52:933 MEMORIA/(4232:4422): Recibi paquete del KERNEL
[DEBUG] 16:33:52:933 MEMORIA/(4232:4422): Recibi paquete del KERNEL
[DEBUG] 16:33:52:933 MEMORIA/(4232:4422): Recibi paquete del KERNEL
[DEBUG] 16:33:52:933 MEMORIA/(4232:4422): Recibi paquete del KERNEL
[DEBUG] 16:33:52:933 MEMORIA/(4232:4422): Recibi paquete del KERNEL
[DEBUG] 16:33:52:933 MEMORIA/(4232:4422): Recibi paquete del KERNEL
[DEBUG] 16:33:52:933 MEMORIA/(4232:4422): Recibi paquete del KERNEL
[DEBUG] 16:33:52:933 MEMORIA/(4232:4422): Recibi paquete del KERNEL
[DEBUG] 16:33:52:933 MEMORIA/(4232:4422): Recibi paquete del KERNEL
[DEBUG] 16:33:52:933 MEMORIA/(4232:4422): Recibi paquete del KERNEL
[DEBUG] 16:33:52:933 MEMORIA/(4232:4422): Recibi paquete del KERNEL
[DEBUG] 16:33:52:933 MEMORIA/(4232:4422): Recibi paquete del KERNEL
[DEBUG] 16:33:52:933 MEMORIA/(4232:4422): Recibi paquete del KERNEL
[DEBUG] 16:33:52:933 MEMORIA/(4232:4422): Recibi paquete del KERNEL
[DEBUG] 16:33:52:934 MEMORIA/(4232:4422): Recibi paquete del KERNEL
[DEBUG] 16:33:52:934 MEMORIA/(4232:4422): Recibi paquete del KERNEL
[DEBUG] 16:33:52:934 MEMORIA/(4232:4422): Recibi paquete del KERNEL
[DEBUG] 16:33:52:934 MEMORIA/(4232:4422): Recibi paquete del KERNEL
[DEBUG] 16:33:52:934 MEMORIA/(4232:4422): Recibi paquete del KERNEL
[DEBUG] 16:33:52:934 MEMORIA/(4232:4422): Recibi paquete del KERNEL
[DEBUG] 16:33:52:934 MEMORIA/(4232:4422): Recibi paquete del KERNEL
[DEBUG] 16:33:52:934 MEMORIA/(4232:4422): Recibi paquete del KERNEL
[DEBUG] 16:33:52:934 MEMORIA/(4232:4422): Recibi paquete del KERNEL
[DEBUG] 16:33:52:936 MEMORIA/(4232:4422): Recibi paquete del KERNEL
[DEBUG] 16:33:52:937 MEMORIA/(4232:4422): Recibi paquete del KERNEL
[DEBUG] 16:33:52:937 MEMORIA/(4232:4422): Recibi paquete del KERNEL
[DEBUG] 16:33:52:937 MEMORIA/(4232:4422): Recibi paquete del KERNEL
[DEBUG] 16:33:52:937 MEMORIA/(4232:4422): Recibi paquete del KERNEL
[DEBUG] 16:33:52:937 MEMORIA/(4232:4422): Recibi paquete del KERNEL
[DEBUG] 16:33:52:937 MEMORIA/(4232:4422): Recibi paquete del KERNEL
[DEBUG] 16:33:52:937 MEMORIA/(4232:4422): Recibi paquete del KERNEL
[DEBUG] 16:33:52:937 MEMORIA/(4232:4422): Recibi paquete del KERNEL
[DEBUG] 16:33:52:944 MEMORIA/(4232:4422): Recibi paquete del KERNEL
[DEBUG] 16:33:52:945 MEMORIA/(4232:4422): Recibi paquete del KERNEL
[DEBUG] 16:33:52:945 MEMORIA/(4232:4422): Recibi paquete del KERNEL
[DEBUG] 16:33:52:949 MEMORIA/(4232:4422): Recibi paquete del KERNEL
[DEBUG] 16:33:52:949 MEMORIA/(4232:4422): Recibi paquete del KERNEL
[DEBUG] 16:33:52:949 MEMORIA/(4232:4422): Recibi paquete del KERNEL
[DEBUG] 16:33:52:949 MEMORIA/(4232:4422): Recibi paquete del KERNEL
[DEBUG] 16:33:52:949 MEMORIA/(4232:4422): Recibi paquete del KERNEL
[DEBUG] 16:33:52:949 MEMORIA/(4232:4422): Recibi paquete del KERNEL
[DEBUG] 16:33:52:949 MEMORIA/(4232:4422): Recibi paquete del KERNEL
[DEBUG] 16:33:52:949 MEMORIA/(4232:4422): Recibi paquete del KERNEL
[DEBUG] 16:33:52:949 MEMORIA/(4232:4422): Recibi paquete del KERNEL
[DEBUG] 16:33:52:949 MEMORIA/(4232:4422): Recibi paquete del KERNEL
[DEBUG] 16:33:52:949 MEMORIA/(4232:4422): Recibi paquete del KERNEL
[DEBUG] 16:33:52:949 MEMORIA/(4232:4422): Recibi paquete del KERNEL
[DEBUG] 16:33:52:949 MEMORIA/(4232:4422): Recibi paquete del KERNEL
[DEBUG] 16:33:52:949 MEMORIA/(4232:4422): Recibi paquete del KERNEL
[DEBUG] 16:33:52:949 MEMORIA/(4232:4422): Recibi paquete del KERNEL
[DEBUG] 16:33:52:949 MEMORIA/(4232:4422): Recibi paquete del KERNEL
[DEBUG] 16:33:52:949 MEMORIA/(4232:4422): Recibi paquete del KERNEL
[DEBUG] 16:33:52:950 MEMORIA/(4232:4422): Recibi paquete del KERNEL
[DEBUG] 16:33:52:950 MEMORIA/(4232:4422): Recibi paquete del KERNEL
[DEBUG] 16:33:52:950 MEMORIA/(4232:4422): Recibi paquete del KERNEL
[DEBUG] 16:33:52:950 MEMORIA/(4232:4422): Recibi paquete del KERNEL
[DEBUG] 16:33:52:950 MEMORIA/(4232:4422): Recibi paquete del KERNEL
[DEBUG] 16:33:52:953 MEMORIA/(4232:4422): Recibi paquete del KERNEL
[DEBUG] 16:33:52:953 MEMORIA/(4232:4422): Recibi paquete del KERNEL
[DEBUG] 16:33:52:953 MEMORIA/(4232:4422): Recibi paquete del KERNEL
[DEBUG] 16:33:52:953 MEMORIA/(4232:4422): Recibi paquete del KERNEL
[DEBUG] 16:33:52:953 MEMORIA/(4232:4422): Recibi paquete del KERNEL
[DEBUG] 16:33:52:953 MEMORIA/(4232:4422): Recibi paquete del KERNEL
[DEBUG] 16:33:52:953 MEMORIA/(4232:4422): Recibi paquete del KERNEL
[DEBUG] 16:33:52:953 MEMORIA/(4232:4422): Recibi paquete del KERNEL
[DEBUG] 16:33:52:953 MEMORIA/(4232:4422): Recibi paquete del KERNEL
[DEBUG] 16:33:52:953 MEMORIA/(4232:4422): Recibi paquete del KERNEL
[DEBUG] 16:33:52:953 MEMORIA/(4232:4422): Recibi paquete del KERNEL
[DEBUG] 16:33:52:953 MEMORIA/(4232:4422): Recibi paquete del KERNEL
[DEBUG] 16:33:52:953 MEMORIA/(4232:4422): Recibi paquete del KERNEL
[DEBUG] 16:33:52:953 MEMORIA/(4232:4422): Recibi paquete del KERNEL
[DEBUG] 16:33:52:953 MEMORIA/(4232:4422): Recibi paquete del KERNEL
[DEBUG] 16:33:52:953 MEMORIA/(4232:4422): Recibi paquete del KERNEL
[DEBUG] 16:33:52:954 MEMORIA/(4232:4422): Recibi paquete del KERNEL
[DEBUG] 16:33:52:954 MEMORIA/(4232:4422): Recibi paquete del KERNEL
[DEBUG] 16:33:52:954 MEMORIA/(4232:4422): Recibi paquete del KERNEL
[DEBUG] 16:33:52:954 MEMORIA/(4232:4422): Recibi paquete del KERNEL
[DEBUG] 16:33:52:954 MEMORIA/(4232:4422): Recibi paquete del KERNEL
[DEBUG] 16:33:52:954 MEMORIA/(4232:4422): Recibi paquete del KERNEL
[DEBUG] 16:33:52:954 MEMORIA/(4232:4422): Recibi paquete del KERNEL
[DEBUG] 16:33:52:954 MEMORIA/(4232:4422): Recibi paquete del KERNEL
[DEBUG] 16:33:52:954 MEMORIA/(4232:4422): Recibi paquete del KERNEL
[DEBUG] 16:33:52:954 MEMORIA/(4232:4422): Recibi paquete del KERNEL
[DEBUG] 16:33:52:954 MEMORIA/(4232:4422): Recibi paquete del KERNEL
[DEBUG] 16:33:52:954 MEMORIA/(4232:4422): Recibi paquete del KERNEL
[DEBUG] 16:33:52:954 MEMORIA/(4232:4422): Recibi paquete del KERNEL
[DEBUG] 16:33:52:954 MEMORIA/(4232:4422): Recibi paquete del KERNEL
[DEBUG] 16:33:52:954 MEMORIA/(4232:4422): Recibi paquete del KERNEL
[DEBUG] 16:33:52:954 MEMORIA/(4232:4422): Recibi paquete del KERNEL
[DEBUG] 16:33:52:954 MEMORIA/(4232:4422): Recibi paquete del KERNEL
[DEBUG] 16:33:52:954 MEMORIA/(4232:4422): Recibi paquete del KERNEL
[DEBUG] 16:33:52:954 MEMORIA/(4232:4422): Recibi paquete del KERNEL
[DEBUG] 16:33:52:954 MEMORIA/(4232:4422): Recibi paquete del KERNEL
[DEBUG] 16:33:52:954 MEMORIA/(4232:4422): Recibi paquete del KERNEL
[DEBUG] 16:33:52:954 MEMORIA/(4232:4422): Recibi paquete del KERNEL
[DEBUG] 16:33:52:955 MEMORIA/(4232:4422): Recibi paquete del KERNEL
[DEBUG] 16:33:52:955 MEMORIA/(4232:4422): Recibi paquete del KERNEL
[DEBUG] 16:33:52:955 MEMORIA/(4232:4422): Recibi paquete del KERNEL
[DEBUG] 16:33:52:955 MEMORIA/(4232:4422): Recibi paquete del KERNEL
[DEBUG] 16:33:52:955 MEMORIA/(4232:4422): Recibi paquete del KERNEL
[DEBUG] 16:33:52:955 MEMORIA/(4232:4422): Recibi paquete del KERNEL
[DEBUG] 16:33:52:955 MEMORIA/(4232:4422): Recibi paquete del KERNEL
[DEBUG] 16:33:52:955 MEMORIA/(4232:4422): Recibi paquete del KERNEL
[DEBUG] 16:33:52:955 MEMORIA/(4232:4422): Recibi paquete del KERNEL
[DEBUG] 16:33:52:955 MEMORIA/(4232:4422): Recibi paquete del KERNEL
[DEBUG] 16:33:52:955 MEMORIA/(4232:4422): Recibi paquete del KERNEL
[DEBUG] 16:33:52:955 MEMORIA/(4232:4422): Recibi paquete del KERNEL
[DEBUG] 16:33:52:955 MEMORIA/(4232:4422): Recibi paquete del KERNEL
[DEBUG] 16:33:52:955 MEMORIA/(4232:4422): Recibi paquete del KERNEL
[DEBUG] 16:33:52:955 MEMORIA/(4232:4422): Recibi paquete del KERNEL
[DEBUG] 16:33:52:955 MEMORIA/(4232:4422): Recibi paquete del KERNEL
[DEBUG] 16:33:52:955 MEMORIA/(4232:4422): Recibi paquete del KERNEL
[DEBUG] 16:33:52:961 MEMORIA/(4232:4422): Recibi paquete del KERNEL
[DEBUG] 16:33:52:961 MEMORIA/(4232:4422): Recibi paquete del KERNEL
[DEBUG] 16:33:52:961 MEMORIA/(4232:4422): Recibi paquete del KERNEL
[DEBUG] 16:33:52:961 MEMORIA/(4232:4422): Recibi paquete del KERNEL
[DEBUG] 16:33:52:961 MEMORIA/(4232:4422): Recibi paquete del KERNEL
[DEBUG] 16:33:52:961 MEMORIA/(4232:4422): Recibi paquete del KERNEL
[DEBUG] 16:33:52:961 MEMORIA/(4232:4422): Recibi paquete del KERNEL
[DEBUG] 16:33:52:961 MEMORIA/(4232:4422): Recibi paquete del KERNEL
[DEBUG] 16:33:52:961 MEMORIA/(4232:4422): Recibi paquete del KERNEL
[DEBUG] 16:33:52:961 MEMORIA/(4232:4422): Recibi paquete del KERNEL
[DEBUG] 16:33:52:961 MEMORIA/(4232:4422): Recibi paquete del KERNEL
[DEBUG] 16:33:52:961 MEMORIA/(4232:4422): Recibi paquete del KERNEL
[DEBUG] 16:33:52:961 MEMORIA/(4232:4422): Recibi paquete del KERNEL
[DEBUG] 16:33:52:961 MEMORIA/(4232:4422): Recibi paquete del KERNEL
[DEBUG] 16:33:52:961 MEMORIA/(4232:4422): Recibi paquete del KERNEL
[DEBUG] 16:33:52:961 MEMORIA/(4232:4422): Recibi paquete del KERNEL
[DEBUG] 16:33:52:961 MEMORIA/(4232:4422): Recibi paquete del KERNEL
[DEBUG] 16:33:52:962 MEMORIA/(4232:4422): Recibi paquete del KERNEL
[DEBUG] 16:33:52:962 MEMORIA/(4232:4422): Recibi paquete del KERNEL
[DEBUG] 16:33:52:962 MEMORIA/(4232:4422): Recibi paquete del KERNEL
[DEBUG] 16:33:52:962 MEMORIA/(4232:4422): Recibi paquete del KERNEL
[DEBUG] 16:33:52:962 MEMORIA/(4232:4422): Recibi paquete del KERNEL
[DEBUG] 16:33:52:962 MEMORIA/(4232:4422): Recibi paquete del KERNEL
[DEBUG] 16:33:52:962 MEMORIA/(4232:4422): Recibi paquete del KERNEL
[DEBUG] 16:33:52:962 MEMORIA/(4232:4422): Recibi paquete del KERNEL
[DEBUG] 16:33:52:962 MEMORIA/(4232:4422): Recibi paquete del KERNEL
[DEBUG] 16:33:52:962 MEMORIA/(4232:4422): Recibi paquete del KERNEL
[DEBUG] 16:33:52:962 MEMORIA/(4232:4422): Recibi paquete del KERNEL
[DEBUG] 16:33:52:962 MEMORIA/(4232:4422): Recibi paquete del KERNEL
[DEBUG] 16:33:52:962 MEMORIA/(4232:4422): Recibi paquete del KERNEL
[DEBUG] 16:33:52:962 MEMORIA/(4232:4422): Recibi paquete del KERNEL
[DEBUG] 16:33:52:962 MEMORIA/(4232:4422): Recibi paquete del KERNEL
[DEBUG] 16:33:52:962 MEMORIA/(4232:4422): Recibi paquete del KERNEL
[DEBUG] 16:33:52:962 MEMORIA/(4232:4422): Recibi paquete del KERNEL
[DEBUG] 16:33:52:962 MEMORIA/(4232:4422): Recibi paquete del KERNEL
[DEBUG] 16:33:52:962 MEMORIA/(4232:4422): Recibi paquete del KERNEL
[DEBUG] 16:33:52:962 MEMORIA/(4232:4422): Recibi paquete del KERNEL
[DEBUG] 16:33:52:962 MEMORIA/(4232:4422): Recibi paquete del KERNEL
[DEBUG] 16:33:52:962 MEMORIA/(4232:4422): Recibi paquete del KERNEL
[DEBUG] 16:33:52:963 MEMORIA/(4232:4422): Recibi paquete del KERNEL
[DEBUG] 16:33:52:963 MEMORIA/(4232:4422): Recibi paquete del KERNEL
[DEBUG] 16:33:52:963 MEMORIA/(4232:4422): Recibi paquete del KERNEL
[DEBUG] 16:33:52:963 MEMORIA/(4232:4422): Recibi paquete del KERNEL
[DEBUG] 16:33:52:963 MEMORIA/(4232:4422): Recibi paquete del KERNEL
[DEBUG] 16:33:52:964 MEMORIA/(4232:4422): Recibi paquete del KERNEL
[DEBUG] 16:33:52:964 MEMORIA/(4232:4422): Recibi paquete del KERNEL
[DEBUG] 16:33:52:964 MEMORIA/(4232:4422): Recibi paquete del KERNEL
[DEBUG] 16:33:52:964 MEMORIA/(4232:4422): Recibi paquete del KERNEL
[DEBUG] 16:33:52:964 MEMORIA/(4232:4422): Recibi paquete del KERNEL
[DEBUG] 16:33:52:964 MEMORIA/(4232:4422): Recibi paquete del KERNEL
[DEBUG] 16:33:52:964 MEMORIA/(4232:4422): Recibi paquete del KERNEL
[DEBUG] 16:33:52:964 MEMORIA/(4232:4422): Recibi paquete del KERNEL
[DEBUG] 16:33:52:964 MEMORIA/(4232:4422): Recibi paquete del KERNEL
[DEBUG] 16:33:52:964 MEMORIA/(4232:4422): Recibi paquete del KERNEL
[DEBUG] 16:33:52:964 MEMORIA/(4232:4422): Recibi paquete del KERNEL
[DEBUG] 16:33:52:964 MEMORIA/(4232:4422): Recibi paquete del KERNEL
[DEBUG] 16:33:52:964 MEMORIA/(4232:4422): Recibi paquete del KERNEL
[DEBUG] 16:33:52:964 MEMORIA/(4232:4422): Recibi paquete del KERNEL
[DEBUG] 16:33:52:964 MEMORIA/(4232:4422): Recibi paquete del KERNEL
[DEBUG] 16:33:52:968 MEMORIA/(4232:4422): Recibi paquete del KERNEL
[DEBUG] 16:33:52:969 MEMORIA/(4232:4422): Recibi paquete del KERNEL
[DEBUG] 16:33:52:969 MEMORIA/(4232:4422): Recibi paquete del KERNEL
[DEBUG] 16:33:52:969 MEMORIA/(4232:4422): Recibi paquete del KERNEL
[DEBUG] 16:33:52:969 MEMORIA/(4232:4422): Recibi paquete del KERNEL
[DEBUG] 16:33:52:969 MEMORIA/(4232:4422): Recibi paquete del KERNEL
[DEBUG] 16:33:52:969 MEMORIA/(4232:4422): Recibi paquete del KERNEL
[DEBUG] 16:33:52:970 MEMORIA/(4232:4422): Recibi paquete del KERNEL
[DEBUG] 16:33:52:970 MEMORIA/(4232:4422): Recibi paquete del KERNEL
[DEBUG] 16:33:52:970 MEMORIA/(4232:4422): Recibi paquete del KERNEL
[DEBUG] 16:33:52:970 MEMORIA/(4232:4422): Recibi paquete del KERNEL
[DEBUG] 16:33:52:970 MEMORIA/(4232:4422): Recibi paquete del KERNEL
[DEBUG] 16:33:52:970 MEMORIA/(4232:4422): Recibi paquete del KERNEL
[DEBUG] 16:33:52:970 MEMORIA/(4232:4422): Recibi paquete del KERNEL
[DEBUG] 16:33:52:970 MEMORIA/(4232:4422): Recibi paquete del KERNEL
[DEBUG] 16:33:52:970 MEMORIA/(4232:4422): Recibi paquete del KERNEL
[DEBUG] 16:33:52:970 MEMORIA/(4232:4422): Recibi paquete del KERNEL
[DEBUG] 16:33:52:970 MEMORIA/(4232:4422): Recibi paquete del KERNEL
[DEBUG] 16:33:52:976 MEMORIA/(4232:4422): Recibi paquete del KERNEL
[DEBUG] 16:33:52:976 MEMORIA/(4232:4422): Recibi paquete del KERNEL
[DEBUG] 16:33:52:977 MEMORIA/(4232:4422): Recibi paquete del KERNEL
[DEBUG] 16:33:52:977 MEMORIA/(4232:4422): Recibi paquete del KERNEL
[DEBUG] 16:33:52:977 MEMORIA/(4232:4422): Recibi paquete del KERNEL
[DEBUG] 16:33:52:977 MEMORIA/(4232:4422): Recibi paquete del KERNEL
[DEBUG] 16:33:52:977 MEMORIA/(4232:4422): Recibi paquete del KERNEL
[DEBUG] 16:33:52:977 MEMORIA/(4232:4422): Recibi paquete del KERNEL
[DEBUG] 16:33:52:977 MEMORIA/(4232:4422): Recibi paquete del KERNEL
[DEBUG] 16:33:52:977 MEMORIA/(4232:4422): Recibi paquete del KERNEL
[DEBUG] 16:33:52:977 MEMORIA/(4232:4422): Recibi paquete del KERNEL
[DEBUG] 16:33:52:977 MEMORIA/(4232:4422): Recibi paquete del KERNEL
[DEBUG] 16:33:52:977 MEMORIA/(4232:4422): Recibi paquete del KERNEL
[DEBUG] 16:33:52:977 MEMORIA/(4232:4422): Recibi paquete del KERNEL
[DEBUG] 16:33:52:977 MEMORIA/(4232:4422): Recibi paquete del KERNEL
[DEBUG] 16:33:52:977 MEMORIA/(4232:4422): Recibi paquete del KERNEL
[DEBUG] 16:33:52:977 MEMORIA/(4232:4422): Recibi paquete del KERNEL
[DEBUG] 16:33:52:977 MEMORIA/(4232:4422): Recibi paquete del KERNEL
[DEBUG] 16:33:52:985 MEMORIA/(4232:4422): Recibi paquete del KERNEL
[DEBUG] 16:33:52:985 MEMORIA/(4232:4422): Recibi paquete del KERNEL
[DEBUG] 16:33:52:985 MEMORIA/(4232:4422): Recibi paquete del KERNEL
[DEBUG] 16:33:52:985 MEMORIA/(4232:4422): Recibi paquete del KERNEL
[DEBUG] 16:33:52:985 MEMORIA/(4232:4422): Recibi paquete del KERNEL
[DEBUG] 16:33:52:985 MEMORIA/(4232:4422): Recibi paquete del KERNEL
[DEBUG] 16:33:52:985 MEMORIA/(4232:4422): Recibi paquete del KERNEL
[DEBUG] 16:33:52:985 MEMORIA/(4232:4422): Recibi paquete del KERNEL
[DEBUG] 16:33:52:985 MEMORIA/(4232:4422): Recibi paquete del KERNEL
[DEBUG] 16:33:52:985 MEMORIA/(4232:4422): Recibi paquete del KERNEL
[DEBUG] 16:33:52:985 MEMORIA/(4232:4422): Recibi paquete del KERNEL
[DEBUG] 16:33:52:986 MEMORIA/(4232:4422): Recibi paquete del KERNEL
[DEBUG] 16:33:52:986 MEMORIA/(4232:4422): Recibi paquete del KERNEL
[DEBUG] 16:33:52:986 MEMORIA/(4232:4422): Recibi paquete del KERNEL
[DEBUG] 16:33:52:986 MEMORIA/(4232:4422): Recibi paquete del KERNEL
[DEBUG] 16:33:52:986 MEMORIA/(4232:4422): Recibi paquete del KERNEL
[DEBUG] 16:33:52:986 MEMORIA/(4232:4422): Recibi paquete del KERNEL
[DEBUG] 16:33:52:986 MEMORIA/(4232:4422): Recibi paquete del KERNEL
[DEBUG] 16:33:52:986 MEMORIA/(4232:4422): Recibi paquete del KERNEL
[DEBUG] 16:33:52:986 MEMORIA/(4232:4422): Recibi paquete del KERNEL
[DEBUG] 16:33:52:986 MEMORIA/(4232:4422): Recibi paquete del KERNEL
[DEBUG] 16:33:52:986 MEMORIA/(4232:4422): Recibi paquete del KERNEL
[DEBUG] 16:33:52:986 MEMORIA/(4232:4422): Recibi paquete del KERNEL
[DEBUG] 16:33:52:986 MEMORIA/(4232:4422): Recibi paquete del KERNEL
[DEBUG] 16:33:52:986 MEMORIA/(4232:4422): Recibi paquete del KERNEL
[DEBUG] 16:33:52:986 MEMORIA/(4232:4422): Recibi paquete del KERNEL
[DEBUG] 16:33:52:986 MEMORIA/(4232:4422): Recibi paquete del KERNEL
[DEBUG] 16:33:52:986 MEMORIA/(4232:4422): Recibi paquete del KERNEL
[DEBUG] 16:33:52:986 MEMORIA/(4232:4422): Recibi paquete del KERNEL
[DEBUG] 16:33:52:986 MEMORIA/(4232:4422): Recibi paquete del KERNEL
[DEBUG] 16:33:52:986 MEMORIA/(4232:4422): Recibi paquete del KERNEL
[DEBUG] 16:33:52:987 MEMORIA/(4232:4422): Recibi paquete del KERNEL
[DEBUG] 16:33:52:987 MEMORIA/(4232:4422): Recibi paquete del KERNEL
[DEBUG] 16:33:52:987 MEMORIA/(4232:4422): Recibi paquete del KERNEL
[DEBUG] 16:33:52:987 MEMORIA/(4232:4422): Recibi paquete del KERNEL
[DEBUG] 16:33:52:987 MEMORIA/(4232:4422): Recibi paquete del KERNEL
[DEBUG] 16:33:52:987 MEMORIA/(4232:4422): Recibi paquete del KERNEL
[DEBUG] 16:33:52:987 MEMORIA/(4232:4422): Recibi paquete del KERNEL
[DEBUG] 16:33:52:987 MEMORIA/(4232:4422): Recibi paquete del KERNEL
[DEBUG] 16:33:52:987 MEMORIA/(4232:4422): Recibi paquete del KERNEL
[DEBUG] 16:33:52:987 MEMORIA/(4232:4422): Recibi paquete del KERNEL
[DEBUG] 16:33:52:987 MEMORIA/(4232:4422): Recibi paquete del KERNEL
[DEBUG] 16:33:52:987 MEMORIA/(4232:4422): Recibi paquete del KERNEL
[DEBUG] 16:33:52:987 MEMORIA/(4232:4422): Recibi paquete del KERNEL
[DEBUG] 16:33:52:987 MEMORIA/(4232:4422): Recibi paquete del KERNEL
[DEBUG] 16:33:52:987 MEMORIA/(4232:4422): Recibi paquete del KERNEL
[DEBUG] 16:33:52:987 MEMORIA/(4232:4422): Recibi paquete del KERNEL
[DEBUG] 16:33:52:987 MEMORIA/(4232:4422): Recibi paquete del KERNEL
[DEBUG] 16:33:52:987 MEMORIA/(4232:4422): Recibi paquete del KERNEL
[DEBUG] 16:33:52:987 MEMORIA/(4232:4422): Recibi paquete del KERNEL
[DEBUG] 16:33:52:987 MEMORIA/(4232:4422): Recibi paquete del KERNEL
[DEBUG] 16:33:52:987 MEMORIA/(4232:4422): Recibi paquete del KERNEL
[DEBUG] 16:33:52:988 MEMORIA/(4232:4422): Recibi paquete del KERNEL
[DEBUG] 16:33:52:988 MEMORIA/(4232:4422): Recibi paquete del KERNEL
[DEBUG] 16:33:52:988 MEMORIA/(4232:4422): Recibi paquete del KERNEL
[DEBUG] 16:33:52:988 MEMORIA/(4232:4422): Recibi paquete del KERNEL
[DEBUG] 16:33:52:988 MEMORIA/(4232:4422): Recibi paquete del KERNEL
[DEBUG] 16:33:52:988 MEMORIA/(4232:4422): Recibi paquete del KERNEL
[DEBUG] 16:33:52:988 MEMORIA/(4232:4422): Recibi paquete del KERNEL
[DEBUG] 16:33:52:988 MEMORIA/(4232:4422): Recibi paquete del KERNEL
[DEBUG] 16:33:52:988 MEMORIA/(4232:4422): Recibi paquete del KERNEL
[DEBUG] 16:33:52:988 MEMORIA/(4232:4422): Recibi paquete del KERNEL
[DEBUG] 16:33:52:988 MEMORIA/(4232:4422): Recibi paquete del KERNEL
[DEBUG] 16:33:52:988 MEMORIA/(4232:4422): Recibi paquete del KERNEL
[DEBUG] 16:33:52:988 MEMORIA/(4232:4422): Recibi paquete del KERNEL
[DEBUG] 16:33:52:988 MEMORIA/(4232:4422): Recibi paquete del KERNEL
[DEBUG] 16:33:52:988 MEMORIA/(4232:4422): Recibi paquete del KERNEL
[DEBUG] 16:33:52:988 MEMORIA/(4232:4422): Recibi paquete del KERNEL
[DEBUG] 16:33:53:005 MEMORIA/(4232:4422): Recibi paquete del KERNEL
[DEBUG] 16:33:53:005 MEMORIA/(4232:4422): Recibi paquete del KERNEL
[DEBUG] 16:33:53:005 MEMORIA/(4232:4422): Recibi paquete del KERNEL
[DEBUG] 16:33:53:005 MEMORIA/(4232:4422): Recibi paquete del KERNEL
[DEBUG] 16:33:53:005 MEMORIA/(4232:4422): Recibi paquete del KERNEL
[DEBUG] 16:33:53:005 MEMORIA/(4232:4422): Recibi paquete del KERNEL
[DEBUG] 16:33:53:005 MEMORIA/(4232:4422): Recibi paquete del KERNEL
[DEBUG] 16:33:53:005 MEMORIA/(4232:4422): Recibi paquete del KERNEL
[DEBUG] 16:33:53:005 MEMORIA/(4232:4422): Recibi paquete del KERNEL
[DEBUG] 16:33:53:005 MEMORIA/(4232:4422): Recibi paquete del KERNEL
[DEBUG] 16:33:53:005 MEMORIA/(4232:4422): Recibi paquete del KERNEL
[DEBUG] 16:33:53:005 MEMORIA/(4232:4422): Recibi paquete del KERNEL
[DEBUG] 16:33:53:005 MEMORIA/(4232:4422): Recibi paquete del KERNEL
[DEBUG] 16:33:53:005 MEMORIA/(4232:4422): Recibi paquete del KERNEL
[DEBUG] 16:33:53:005 MEMORIA/(4232:4422): Recibi paquete del KERNEL
[DEBUG] 16:33:53:005 MEMORIA/(4232:4422): Recibi paquete del KERNEL
[DEBUG] 16:33:53:005 MEMORIA/(4232:4422): Recibi paquete del KERNEL
[DEBUG] 16:33:53:005 MEMORIA/(4232:4422): Recibi paquete del KERNEL
[DEBUG] 16:33:53:006 MEMORIA/(4232:4422): Recibi paquete del KERNEL
[DEBUG] 16:33:53:012 MEMORIA/(4232:4422): Recibi paquete del KERNEL
[DEBUG] 16:33:53:012 MEMORIA/(4232:4422): Recibi paquete del KERNEL
[DEBUG] 16:33:53:013 MEMORIA/(4232:4422): Recibi paquete del KERNEL
[DEBUG] 16:33:53:013 MEMORIA/(4232:4422): Recibi paquete del KERNEL
[DEBUG] 16:33:53:013 MEMORIA/(4232:4422): Recibi paquete del KERNEL
[DEBUG] 16:33:53:013 MEMORIA/(4232:4422): Recibi paquete del KERNEL
[DEBUG] 16:33:53:013 MEMORIA/(4232:4422): Recibi paquete del KERNEL
[DEBUG] 16:33:53:013 MEMORIA/(4232:4422): Recibi paquete del KERNEL
[DEBUG] 16:33:53:013 MEMORIA/(4232:4422): Recibi paquete del KERNEL
[DEBUG] 16:33:53:013 MEMORIA/(4232:4422): Recibi paquete del KERNEL
[DEBUG] 16:33:53:013 MEMORIA/(4232:4422): Recibi paquete del KERNEL
[DEBUG] 16:33:53:013 MEMORIA/(4232:4422): Recibi paquete del KERNEL
[DEBUG] 16:33:53:013 MEMORIA/(4232:4422): Recibi paquete del KERNEL
[DEBUG] 16:33:53:013 MEMORIA/(4232:4422): Recibi paquete del KERNEL
[DEBUG] 16:33:53:013 MEMORIA/(4232:4422): Recibi paquete del KERNEL
[DEBUG] 16:33:53:013 MEMORIA/(4232:4422): Recibi paquete del KERNEL
[DEBUG] 16:33:53:013 MEMORIA/(4232:4422): Recibi paquete del KERNEL
[DEBUG] 16:33:53:014 MEMORIA/(4232:4422): Recibi paquete del KERNEL
[DEBUG] 16:33:53:014 MEMORIA/(4232:4422): Recibi paquete del KERNEL
[DEBUG] 16:33:53:014 MEMORIA/(4232:4422): Recibi paquete del KERNEL
[DEBUG] 16:33:53:014 MEMORIA/(4232:4422): Recibi paquete del KERNEL
[DEBUG] 16:33:53:014 MEMORIA/(4232:4422): Recibi paquete del KERNEL
[DEBUG] 16:33:53:016 MEMORIA/(4232:4422): Recibi paquete del KERNEL
[DEBUG] 16:33:53:016 MEMORIA/(4232:4422): Recibi paquete del KERNEL
[DEBUG] 16:33:53:017 MEMORIA/(4232:4422): Recibi paquete del KERNEL
[DEBUG] 16:33:53:017 MEMORIA/(4232:4422): Recibi paquete del KERNEL
[DEBUG] 16:33:53:017 MEMORIA/(4232:4422): Recibi paquete del KERNEL
[DEBUG] 16:33:53:017 MEMORIA/(4232:4422): Recibi paquete del KERNEL
[DEBUG] 16:33:53:017 MEMORIA/(4232:4422): Recibi paquete del KERNEL
[DEBUG] 16:33:53:017 MEMORIA/(4232:4422): Recibi paquete del KERNEL
[DEBUG] 16:33:53:017 MEMORIA/(4232:4422): Recibi paquete del KERNEL
[DEBUG] 16:33:53:017 MEMORIA/(4232:4422): Recibi paquete del KERNEL
[DEBUG] 16:33:53:017 MEMORIA/(4232:4422): Recibi paquete del KERNEL
[DEBUG] 16:33:53:017 MEMORIA/(4232:4422): Recibi paquete del KERNEL
[DEBUG] 16:33:53:035 MEMORIA/(4232:4422): Recibi paquete del KERNEL
[DEBUG] 16:33:53:035 MEMORIA/(4232:4422): Recibi paquete del KERNEL
[DEBUG] 16:33:53:035 MEMORIA/(4232:4422): Recibi paquete del KERNEL
[DEBUG] 16:33:53:035 MEMORIA/(4232:4422): Recibi paquete del KERNEL
[DEBUG] 16:33:53:035 MEMORIA/(4232:4422): Recibi paquete del KERNEL
[DEBUG] 16:33:53:040 MEMORIA/(4232:4422): Recibi paquete del KERNEL
[DEBUG] 16:33:53:042 MEMORIA/(4232:4422): Recibi paquete del KERNEL
[DEBUG] 16:33:53:042 MEMORIA/(4232:4422): Recibi paquete del KERNEL
[DEBUG] 16:33:53:042 MEMORIA/(4232:4422): Recibi paquete del KERNEL
[DEBUG] 16:33:53:042 MEMORIA/(4232:4422): Recibi paquete del KERNEL
[DEBUG] 16:33:53:042 MEMORIA/(4232:4422): Recibi paquete del KERNEL
[DEBUG] 16:33:53:042 MEMORIA/(4232:4422): Recibi paquete del KERNEL
[DEBUG] 16:33:53:042 MEMORIA/(4232:4422): Recibi paquete del KERNEL
[DEBUG] 16:33:53:042 MEMORIA/(4232:4422): Recibi paquete del KERNEL
[DEBUG] 16:33:53:042 MEMORIA/(4232:4422): Recibi paquete del KERNEL
[DEBUG] 16:33:53:042 MEMORIA/(4232:4422): Recibi paquete del KERNEL
[DEBUG] 16:33:53:042 MEMORIA/(4232:4422): Recibi paquete del KERNEL
[DEBUG] 16:33:53:042 MEMORIA/(4232:4422): Recibi paquete del KERNEL
[DEBUG] 16:33:53:042 MEMORIA/(4232:4422): Recibi paquete del KERNEL
[DEBUG] 16:33:53:042 MEMORIA/(4232:4422): Recibi paquete del KERNEL
[DEBUG] 16:33:53:042 MEMORIA/(4232:4422): Recibi paquete del KERNEL
[DEBUG] 16:33:53:042 MEMORIA/(4232:4422): Recibi paquete del KERNEL
[DEBUG] 16:33:53:043 MEMORIA/(4232:4422): Recibi paquete del KERNEL
[DEBUG] 16:33:53:043 MEMORIA/(4232:4422): Recibi paquete del KERNEL
[DEBUG] 16:33:53:043 MEMORIA/(4232:4422): Recibi paquete del KERNEL
[DEBUG] 16:33:53:043 MEMORIA/(4232:4422): Recibi paquete del KERNEL
[DEBUG] 16:33:53:043 MEMORIA/(4232:4422): Recibi paquete del KERNEL
[DEBUG] 16:33:53:043 MEMORIA/(4232:4422): Recibi paquete del KERNEL
[DEBUG] 16:33:53:043 MEMORIA/(4232:4422): Recibi paquete del KERNEL
[DEBUG] 16:33:53:043 MEMORIA/(4232:4422): Recibi paquete del KERNEL
[DEBUG] 16:33:53:043 MEMORIA/(4232:4422): Recibi paquete del KERNEL
[DEBUG] 16:33:53:043 MEMORIA/(4232:4422): Recibi paquete del KERNEL
[DEBUG] 16:33:53:043 MEMORIA/(4232:4422): Recibi paquete del KERNEL
[DEBUG] 16:33:53:043 MEMORIA/(4232:4422): Recibi paquete del KERNEL
[DEBUG] 16:33:53:043 MEMORIA/(4232:4422): Recibi paquete del KERNEL
[DEBUG] 16:33:53:043 MEMORIA/(4232:4422): Recibi paquete del KERNEL
[DEBUG] 16:33:53:043 MEMORIA/(4232:4422): Recibi paquete del KERNEL
[DEBUG] 16:33:53:043 MEMORIA/(4232:4422): Recibi paquete del KERNEL
[DEBUG] 16:33:53:043 MEMORIA/(4232:4422): Recibi paquete del KERNEL
[DEBUG] 16:33:53:043 MEMORIA/(4232:4422): Recibi paquete del KERNEL
[DEBUG] 16:33:53:043 MEMORIA/(4232:4422): Recibi paquete del KERNEL
[DEBUG] 16:33:53:044 MEMORIA/(4232:4422): Recibi paquete del KERNEL
[DEBUG] 16:33:53:044 MEMORIA/(4232:4422): Recibi paquete del KERNEL
[DEBUG] 16:33:53:044 MEMORIA/(4232:4422): Recibi paquete del KERNEL
[DEBUG] 16:33:53:044 MEMORIA/(4232:4422): Recibi paquete del KERNEL
[DEBUG] 16:33:53:044 MEMORIA/(4232:4422): Recibi paquete del KERNEL
[DEBUG] 16:33:53:044 MEMORIA/(4232:4422): Recibi paquete del KERNEL
[DEBUG] 16:33:53:044 MEMORIA/(4232:4422): Recibi paquete del KERNEL
[DEBUG] 16:33:53:044 MEMORIA/(4232:4422): Recibi paquete del KERNEL
[DEBUG] 16:33:53:047 MEMORIA/(4232:4422): Recibi paquete del KERNEL
[DEBUG] 16:33:53:057 MEMORIA/(4232:4422): Recibi paquete del KERNEL
[DEBUG] 16:33:53:057 MEMORIA/(4232:4422): Recibi paquete del KERNEL
[DEBUG] 16:33:53:057 MEMORIA/(4232:4422): Recibi paquete del KERNEL
[DEBUG] 16:33:53:057 MEMORIA/(4232:4422): Recibi paquete del KERNEL
[DEBUG] 16:33:53:057 MEMORIA/(4232:4422): Recibi paquete del KERNEL
[DEBUG] 16:33:53:057 MEMORIA/(4232:4422): Recibi paquete del KERNEL
[DEBUG] 16:33:53:057 MEMORIA/(4232:4422): Recibi paquete del KERNEL
[DEBUG] 16:33:53:057 MEMORIA/(4232:4422): Recibi paquete del KERNEL
[DEBUG] 16:33:53:057 MEMORIA/(4232:4422): Recibi paquete del KERNEL
[DEBUG] 16:33:53:058 MEMORIA/(4232:4422): Recibi paquete del KERNEL
[DEBUG] 16:33:53:058 MEMORIA/(4232:4422): Recibi paquete del KERNEL
[DEBUG] 16:33:53:058 MEMORIA/(4232:4422): Recibi paquete del KERNEL
[DEBUG] 16:33:53:058 MEMORIA/(4232:4422): Recibi paquete del KERNEL
[DEBUG] 16:33:53:060 MEMORIA/(4232:4422): Recibi paquete del KERNEL
[DEBUG] 16:33:53:060 MEMORIA/(4232:4422): Recibi paquete del KERNEL
[DEBUG] 16:33:53:061 MEMORIA/(4232:4422): Recibi paquete del KERNEL
[DEBUG] 16:33:53:061 MEMORIA/(4232:4422): Recibi paquete del KERNEL
[DEBUG] 16:33:53:061 MEMORIA/(4232:4422): Recibi paquete del KERNEL
[DEBUG] 16:33:53:061 MEMORIA/(4232:4422): Recibi paquete del KERNEL
[DEBUG] 16:33:53:061 MEMORIA/(4232:4422): Recibi paquete del KERNEL
[DEBUG] 16:33:53:061 MEMORIA/(4232:4422): Recibi paquete del KERNEL
[DEBUG] 16:33:53:069 MEMORIA/(4232:4422): Recibi paquete del KERNEL
[DEBUG] 16:33:53:070 MEMORIA/(4232:4422): Recibi paquete del KERNEL
[DEBUG] 16:33:53:070 MEMORIA/(4232:4422): Recibi paquete del KERNEL
[DEBUG] 16:33:53:070 MEMORIA/(4232:4422): Recibi paquete del KERNEL
[DEBUG] 16:33:53:070 MEMORIA/(4232:4422): Recibi paquete del KERNEL
[DEBUG] 16:33:53:070 MEMORIA/(4232:4422): Recibi paquete del KERNEL
[DEBUG] 16:33:53:070 MEMORIA/(4232:4422): Recibi paquete del KERNEL
[DEBUG] 16:33:53:070 MEMORIA/(4232:4422): Recibi paquete del KERNEL
[DEBUG] 16:33:53:070 MEMORIA/(4232:4422): Recibi paquete del KERNEL
[DEBUG] 16:33:53:070 MEMORIA/(4232:4422): Recibi paquete del KERNEL
[DEBUG] 16:33:53:070 MEMORIA/(4232:4422): Recibi paquete del KERNEL
[DEBUG] 16:33:53:070 MEMORIA/(4232:4422): Recibi paquete del KERNEL
[DEBUG] 16:33:53:070 MEMORIA/(4232:4422): Recibi paquete del KERNEL
[DEBUG] 16:33:53:070 MEMORIA/(4232:4422): Recibi paquete del KERNEL
[DEBUG] 16:33:53:070 MEMORIA/(4232:4422): Recibi paquete del KERNEL
[DEBUG] 16:33:53:071 MEMORIA/(4232:4422): Recibi paquete del KERNEL
[DEBUG] 16:33:53:071 MEMORIA/(4232:4422): Recibi paquete del KERNEL
[DEBUG] 16:33:53:071 MEMORIA/(4232:4422): Recibi paquete del KERNEL
[DEBUG] 16:33:53:071 MEMORIA/(4232:4422): Recibi paquete del KERNEL
[DEBUG] 16:33:53:071 MEMORIA/(4232:4422): Recibi paquete del KERNEL
[DEBUG] 16:33:53:071 MEMORIA/(4232:4422): Recibi paquete del KERNEL
[DEBUG] 16:33:53:071 MEMORIA/(4232:4422): Recibi paquete del KERNEL
[DEBUG] 16:33:53:071 MEMORIA/(4232:4422): Recibi paquete del KERNEL
[DEBUG] 16:33:53:072 MEMORIA/(4232:4422): Recibi paquete del KERNEL
[DEBUG] 16:33:53:072 MEMORIA/(4232:4422): Recibi paquete del KERNEL
[DEBUG] 16:33:53:072 MEMORIA/(4232:4422): Recibi paquete del KERNEL
[DEBUG] 16:33:53:072 MEMORIA/(4232:4422): Recibi paquete del KERNEL
[DEBUG] 16:33:53:072 MEMORIA/(4232:4422): Recibi paquete del KERNEL
[DEBUG] 16:33:53:072 MEMORIA/(4232:4422): Recibi paquete del KERNEL
[DEBUG] 16:33:53:072 MEMORIA/(4232:4422): Recibi paquete del KERNEL
[DEBUG] 16:33:53:073 MEMORIA/(4232:4422): Recibi paquete del KERNEL
[DEBUG] 16:33:53:073 MEMORIA/(4232:4422): Recibi paquete del KERNEL
[DEBUG] 16:33:53:073 MEMORIA/(4232:4422): Recibi paquete del KERNEL
[DEBUG] 16:33:53:073 MEMORIA/(4232:4422): Recibi paquete del KERNEL
[DEBUG] 16:33:53:073 MEMORIA/(4232:4422): Recibi paquete del KERNEL
[DEBUG] 16:33:53:073 MEMORIA/(4232:4422): Recibi paquete del KERNEL
[DEBUG] 16:33:53:073 MEMORIA/(4232:4422): Recibi paquete del KERNEL
[DEBUG] 16:33:53:081 MEMORIA/(4232:4422): Recibi paquete del KERNEL
[DEBUG] 16:33:53:084 MEMORIA/(4232:4422): Recibi paquete del KERNEL
[DEBUG] 16:33:53:084 MEMORIA/(4232:4422): Recibi paquete del KERNEL
[DEBUG] 16:33:53:084 MEMORIA/(4232:4422): Recibi paquete del KERNEL
[DEBUG] 16:33:53:084 MEMORIA/(4232:4422): Recibi paquete del KERNEL
[DEBUG] 16:33:53:084 MEMORIA/(4232:4422): Recibi paquete del KERNEL
[DEBUG] 16:33:53:084 MEMORIA/(4232:4422): Recibi paquete del KERNEL
[DEBUG] 16:33:53:084 MEMORIA/(4232:4422): Recibi paquete del KERNEL
[DEBUG] 16:33:53:084 MEMORIA/(4232:4422): Recibi paquete del KERNEL
[DEBUG] 16:33:53:084 MEMORIA/(4232:4422): Recibi paquete del KERNEL
[DEBUG] 16:33:53:084 MEMORIA/(4232:4422): Recibi paquete del KERNEL
[DEBUG] 16:33:53:084 MEMORIA/(4232:4422): Recibi paquete del KERNEL
[DEBUG] 16:33:53:084 MEMORIA/(4232:4422): Recibi paquete del KERNEL
[DEBUG] 16:33:53:084 MEMORIA/(4232:4422): Recibi paquete del KERNEL
[DEBUG] 16:33:53:084 MEMORIA/(4232:4422): Recibi paquete del KERNEL
[DEBUG] 16:33:53:084 MEMORIA/(4232:4422): Recibi paquete del KERNEL
[DEBUG] 16:33:53:087 MEMORIA/(4232:4422): Recibi paquete del KERNEL
[DEBUG] 16:33:53:087 MEMORIA/(4232:4422): Recibi paquete del KERNEL
[DEBUG] 16:33:53:087 MEMORIA/(4232:4422): Recibi paquete del KERNEL
[DEBUG] 16:33:53:087 MEMORIA/(4232:4422): Recibi paquete del KERNEL
[DEBUG] 16:33:53:087 MEMORIA/(4232:4422): Recibi paquete del KERNEL
[DEBUG] 16:33:53:087 MEMORIA/(4232:4422): Recibi paquete del KERNEL
[DEBUG] 16:33:53:087 MEMORIA/(4232:4422): Recibi paquete del KERNEL
[DEBUG] 16:33:53:087 MEMORIA/(4232:4422): Recibi paquete del KERNEL
[DEBUG] 16:33:53:087 MEMORIA/(4232:4422): Recibi paquete del KERNEL
[DEBUG] 16:33:53:087 MEMORIA/(4232:4422): Recibi paquete del KERNEL
[DEBUG] 16:33:53:087 MEMORIA/(4232:4422): Recibi paquete del KERNEL
[DEBUG] 16:33:53:087 MEMORIA/(4232:4422): Recibi paquete del KERNEL
[DEBUG] 16:33:53:087 MEMORIA/(4232:4422): Recibi paquete del KERNEL
[DEBUG] 16:33:53:087 MEMORIA/(4232:4422): Recibi paquete del KERNEL
[DEBUG] 16:33:53:087 MEMORIA/(4232:4422): Recibi paquete del KERNEL
[DEBUG] 16:33:53:087 MEMORIA/(4232:4422): Recibi paquete del KERNEL
[DEBUG] 16:33:53:087 MEMORIA/(4232:4422): Recibi paquete del KERNEL
[DEBUG] 16:33:53:087 MEMORIA/(4232:4422): Recibi paquete del KERNEL
[DEBUG] 16:33:53:087 MEMORIA/(4232:4422): Recibi paquete del KERNEL
[DEBUG] 16:33:53:088 MEMORIA/(4232:4422): Recibi paquete del KERNEL
[DEBUG] 16:33:53:088 MEMORIA/(4232:4422): Recibi paquete del KERNEL
[DEBUG] 16:33:53:088 MEMORIA/(4232:4422): Recibi paquete del KERNEL
[DEBUG] 16:33:53:088 MEMORIA/(4232:4422): Recibi paquete del KERNEL
[DEBUG] 16:33:53:088 MEMORIA/(4232:4422): Recibi paquete del KERNEL
[DEBUG] 16:33:53:088 MEMORIA/(4232:4422): Recibi paquete del KERNEL
[DEBUG] 16:33:53:088 MEMORIA/(4232:4422): Recibi paquete del KERNEL
[DEBUG] 16:33:53:088 MEMORIA/(4232:4422): Recibi paquete del KERNEL
[DEBUG] 16:33:53:088 MEMORIA/(4232:4422): Recibi paquete del KERNEL
[DEBUG] 16:33:53:088 MEMORIA/(4232:4422): Recibi paquete del KERNEL
[DEBUG] 16:33:53:088 MEMORIA/(4232:4422): Recibi paquete del KERNEL
[DEBUG] 16:33:53:088 MEMORIA/(4232:4422): Recibi paquete del KERNEL
[DEBUG] 16:33:53:088 MEMORIA/(4232:4422): Recibi paquete del KERNEL
[DEBUG] 16:33:53:088 MEMORIA/(4232:4422): Recibi paquete del KERNEL
[DEBUG] 16:33:53:088 MEMORIA/(4232:4422): Recibi paquete del KERNEL
[DEBUG] 16:33:53:088 MEMORIA/(4232:4422): Recibi paquete del KERNEL
[DEBUG] 16:33:53:088 MEMORIA/(4232:4422): Recibi paquete del KERNEL
[DEBUG] 16:33:53:088 MEMORIA/(4232:4422): Recibi paquete del KERNEL
[DEBUG] 16:33:53:088 MEMORIA/(4232:4422): Recibi paquete del KERNEL
[DEBUG] 16:33:53:093 MEMORIA/(4232:4422): Recibi paquete del KERNEL
[DEBUG] 16:33:53:093 MEMORIA/(4232:4422): Recibi paquete del KERNEL
[DEBUG] 16:33:53:093 MEMORIA/(4232:4422): Recibi paquete del KERNEL
[DEBUG] 16:33:53:093 MEMORIA/(4232:4422): Recibi paquete del KERNEL
[DEBUG] 16:33:53:096 MEMORIA/(4232:4422): Recibi paquete del KERNEL
[DEBUG] 16:33:53:104 MEMORIA/(4232:4422): Recibi paquete del KERNEL
[DEBUG] 16:33:53:105 MEMORIA/(4232:4422): Recibi paquete del KERNEL
[DEBUG] 16:33:53:105 MEMORIA/(4232:4422): Recibi paquete del KERNEL
[DEBUG] 16:33:53:105 MEMORIA/(4232:4422): Recibi paquete del KERNEL
[DEBUG] 16:33:53:107 MEMORIA/(4232:4422): Recibi paquete del KERNEL
[DEBUG] 16:33:53:107 MEMORIA/(4232:4422): Recibi paquete del KERNEL
[DEBUG] 16:33:53:107 MEMORIA/(4232:4422): Recibi paquete del KERNEL
[DEBUG] 16:33:53:113 MEMORIA/(4232:4422): Recibi paquete del KERNEL
[DEBUG] 16:33:53:113 MEMORIA/(4232:4422): Recibi paquete del KERNEL
[DEBUG] 16:33:53:113 MEMORIA/(4232:4422): Recibi paquete del KERNEL
[DEBUG] 16:33:53:113 MEMORIA/(4232:4422): Recibi paquete del KERNEL
[DEBUG] 16:33:53:114 MEMORIA/(4232:4422): Recibi paquete del KERNEL
[DEBUG] 16:33:53:114 MEMORIA/(4232:4422): Recibi paquete del KERNEL
[DEBUG] 16:33:53:114 MEMORIA/(4232:4422): Recibi paquete del KERNEL
[DEBUG] 16:33:53:114 MEMORIA/(4232:4422): Recibi paquete del KERNEL
[DEBUG] 16:33:53:114 MEMORIA/(4232:4422): Recibi paquete del KERNEL
[DEBUG] 16:33:53:114 MEMORIA/(4232:4422): Recibi paquete del KERNEL
[DEBUG] 16:33:53:114 MEMORIA/(4232:4422): Recibi paquete del KERNEL
[DEBUG] 16:33:53:114 MEMORIA/(4232:4422): Recibi paquete del KERNEL
[DEBUG] 16:33:53:114 MEMORIA/(4232:4422): Recibi paquete del KERNEL
[DEBUG] 16:33:53:114 MEMORIA/(4232:4422): Recibi paquete del KERNEL
[DEBUG] 16:33:53:114 MEMORIA/(4232:4422): Recibi paquete del KERNEL
[DEBUG] 16:33:53:114 MEMORIA/(4232:4422): Recibi paquete del KERNEL
[DEBUG] 16:33:53:114 MEMORIA/(4232:4422): Recibi paquete del KERNEL
[DEBUG] 16:33:53:114 MEMORIA/(4232:4422): Recibi paquete del KERNEL
[DEBUG] 16:33:53:114 MEMORIA/(4232:4422): Recibi paquete del KERNEL
[DEBUG] 16:33:53:114 MEMORIA/(4232:4422): Recibi paquete del KERNEL
[DEBUG] 16:33:53:114 MEMORIA/(4232:4422): Recibi paquete del KERNEL
[DEBUG] 16:33:53:114 MEMORIA/(4232:4422): Recibi paquete del KERNEL
[DEBUG] 16:33:53:120 MEMORIA/(4232:4422): Recibi paquete del KERNEL
[DEBUG] 16:33:53:120 MEMORIA/(4232:4422): Recibi paquete del KERNEL
[DEBUG] 16:33:53:120 MEMORIA/(4232:4422): Recibi paquete del KERNEL
[DEBUG] 16:33:53:120 MEMORIA/(4232:4422): Recibi paquete del KERNEL
[DEBUG] 16:33:53:120 MEMORIA/(4232:4422): Recibi paquete del KERNEL
[DEBUG] 16:33:53:120 MEMORIA/(4232:4422): Recibi paquete del KERNEL
[DEBUG] 16:33:53:120 MEMORIA/(4232:4422): Recibi paquete del KERNEL
[DEBUG] 16:33:53:120 MEMORIA/(4232:4422): Recibi paquete del KERNEL
[DEBUG] 16:33:53:120 MEMORIA/(4232:4422): Recibi paquete del KERNEL
[DEBUG] 16:33:53:128 MEMORIA/(4232:4422): Recibi paquete del KERNEL
[DEBUG] 16:33:53:129 MEMORIA/(4232:4422): Recibi paquete del KERNEL
[DEBUG] 16:33:53:129 MEMORIA/(4232:4422): Recibi paquete del KERNEL
[DEBUG] 16:33:53:129 MEMORIA/(4232:4422): Recibi paquete del KERNEL
[DEBUG] 16:33:53:129 MEMORIA/(4232:4422): Recibi paquete del KERNEL
[DEBUG] 16:33:53:129 MEMORIA/(4232:4422): Recibi paquete del KERNEL
[DEBUG] 16:33:53:129 MEMORIA/(4232:4422): Recibi paquete del KERNEL
[DEBUG] 16:33:53:129 MEMORIA/(4232:4422): Recibi paquete del KERNEL
[DEBUG] 16:33:53:129 MEMORIA/(4232:4422): Recibi paquete del KERNEL
[DEBUG] 16:33:53:129 MEMORIA/(4232:4422): Recibi paquete del KERNEL
[DEBUG] 16:33:53:129 MEMORIA/(4232:4422): Recibi paquete del KERNEL
[DEBUG] 16:33:53:129 MEMORIA/(4232:4422): Recibi paquete del KERNEL
[DEBUG] 16:33:53:129 MEMORIA/(4232:4422): Recibi paquete del KERNEL
[DEBUG] 16:33:53:129 MEMORIA/(4232:4422): Recibi paquete del KERNEL
[DEBUG] 16:33:53:129 MEMORIA/(4232:4422): Recibi paquete del KERNEL
[DEBUG] 16:33:53:129 MEMORIA/(4232:4422): Recibi paquete del KERNEL
[DEBUG] 16:33:53:129 MEMORIA/(4232:4422): Recibi paquete del KERNEL
[DEBUG] 16:33:53:129 MEMORIA/(4232:4422): Recibi paquete del KERNEL
[DEBUG] 16:33:53:129 MEMORIA/(4232:4422): Recibi paquete del KERNEL
[DEBUG] 16:33:53:129 MEMORIA/(4232:4422): Recibi paquete del KERNEL
[DEBUG] 16:33:53:129 MEMORIA/(4232:4422): Recibi paquete del KERNEL
[DEBUG] 16:33:53:129 MEMORIA/(4232:4422): Recibi paquete del KERNEL
[DEBUG] 16:33:53:130 MEMORIA/(4232:4422): Recibi paquete del KERNEL
[DEBUG] 16:33:53:130 MEMORIA/(4232:4422): Recibi paquete del KERNEL
[DEBUG] 16:33:53:131 MEMORIA/(4232:4422): Recibi paquete del KERNEL
[DEBUG] 16:33:53:131 MEMORIA/(4232:4422): Recibi paquete del KERNEL
[DEBUG] 16:33:53:131 MEMORIA/(4232:4422): Recibi paquete del KERNEL
[DEBUG] 16:33:53:131 MEMORIA/(4232:4422): Recibi paquete del KERNEL
[DEBUG] 16:33:53:136 MEMORIA/(4232:4422): Recibi paquete del KERNEL
[DEBUG] 16:33:53:137 MEMORIA/(4232:4422): Recibi paquete del KERNEL
[DEBUG] 16:33:53:137 MEMORIA/(4232:4422): Recibi paquete del KERNEL
[DEBUG] 16:33:53:137 MEMORIA/(4232:4422): Recibi paquete del KERNEL
[DEBUG] 16:33:53:137 MEMORIA/(4232:4422): Recibi paquete del KERNEL
[DEBUG] 16:33:53:137 MEMORIA/(4232:4422): Recibi paquete del KERNEL
[DEBUG] 16:33:53:137 MEMORIA/(4232:4422): Recibi paquete del KERNEL
[DEBUG] 16:33:53:137 MEMORIA/(4232:4422): Recibi paquete del KERNEL
[DEBUG] 16:33:53:137 MEMORIA/(4232:4422): Recibi paquete del KERNEL
[DEBUG] 16:33:53:144 MEMORIA/(4232:4422): Recibi paquete del KERNEL
[DEBUG] 16:33:53:145 MEMORIA/(4232:4422): Recibi paquete del KERNEL
[DEBUG] 16:33:53:145 MEMORIA/(4232:4422): Recibi paquete del KERNEL
[DEBUG] 16:33:53:145 MEMORIA/(4232:4422): Recibi paquete del KERNEL
[DEBUG] 16:33:53:145 MEMORIA/(4232:4422): Recibi paquete del KERNEL
[DEBUG] 16:33:53:145 MEMORIA/(4232:4422): Recibi paquete del KERNEL
[DEBUG] 16:33:53:145 MEMORIA/(4232:4422): Recibi paquete del KERNEL
[DEBUG] 16:33:53:145 MEMORIA/(4232:4422): Recibi paquete del KERNEL
[DEBUG] 16:33:53:145 MEMORIA/(4232:4422): Recibi paquete del KERNEL
[DEBUG] 16:33:53:145 MEMORIA/(4232:4422): Recibi paquete del KERNEL
[DEBUG] 16:33:53:145 MEMORIA/(4232:4422): Recibi paquete del KERNEL
[DEBUG] 16:33:53:145 MEMORIA/(4232:4422): Recibi paquete del KERNEL
[DEBUG] 16:33:53:145 MEMORIA/(4232:4422): Recibi paquete del KERNEL
[DEBUG] 16:33:53:145 MEMORIA/(4232:4422): Recibi paquete del KERNEL
[DEBUG] 16:33:53:145 MEMORIA/(4232:4422): Recibi paquete del KERNEL
[DEBUG] 16:33:53:145 MEMORIA/(4232:4422): Recibi paquete del KERNEL
[DEBUG] 16:33:53:145 MEMORIA/(4232:4422): Recibi paquete del KERNEL
[DEBUG] 16:33:53:145 MEMORIA/(4232:4422): Recibi paquete del KERNEL
[DEBUG] 16:33:53:145 MEMORIA/(4232:4422): Recibi paquete del KERNEL
[DEBUG] 16:33:53:145 MEMORIA/(4232:4422): Recibi paquete del KERNEL
[DEBUG] 16:33:53:146 MEMORIA/(4232:4422): Recibi paquete del KERNEL
[DEBUG] 16:33:53:146 MEMORIA/(4232:4422): Recibi paquete del KERNEL
[DEBUG] 16:33:53:146 MEMORIA/(4232:4422): Recibi paquete del KERNEL
[DEBUG] 16:33:53:146 MEMORIA/(4232:4422): Recibi paquete del KERNEL
[DEBUG] 16:33:53:146 MEMORIA/(4232:4422): Recibi paquete del KERNEL
[DEBUG] 16:33:53:146 MEMORIA/(4232:4422): Recibi paquete del KERNEL
[DEBUG] 16:33:53:152 MEMORIA/(4232:4422): Recibi paquete del KERNEL
[DEBUG] 16:33:53:152 MEMORIA/(4232:4422): Recibi paquete del KERNEL
[DEBUG] 16:33:53:152 MEMORIA/(4232:4422): Recibi paquete del KERNEL
[DEBUG] 16:33:53:152 MEMORIA/(4232:4422): Recibi paquete del KERNEL
[DEBUG] 16:33:53:152 MEMORIA/(4232:4422): Recibi paquete del KERNEL
[DEBUG] 16:33:53:152 MEMORIA/(4232:4422): Recibi paquete del KERNEL
[DEBUG] 16:33:53:152 MEMORIA/(4232:4422): Recibi paquete del KERNEL
[DEBUG] 16:33:53:152 MEMORIA/(4232:4422): Recibi paquete del KERNEL
[DEBUG] 16:33:53:152 MEMORIA/(4232:4422): Recibi paquete del KERNEL
[DEBUG] 16:33:53:152 MEMORIA/(4232:4422): Recibi paquete del KERNEL
[DEBUG] 16:33:53:153 MEMORIA/(4232:4422): Recibi paquete del KERNEL
[DEBUG] 16:33:53:153 MEMORIA/(4232:4422): Recibi paquete del KERNEL
[DEBUG] 16:33:53:153 MEMORIA/(4232:4422): Recibi paquete del KERNEL
[DEBUG] 16:33:53:153 MEMORIA/(4232:4422): Recibi paquete del KERNEL
[DEBUG] 16:33:53:153 MEMORIA/(4232:4422): Recibi paquete del KERNEL
[DEBUG] 16:33:53:153 MEMORIA/(4232:4422): Recibi paquete del KERNEL
[DEBUG] 16:33:53:153 MEMORIA/(4232:4422): Recibi paquete del KERNEL
[DEBUG] 16:33:53:153 MEMORIA/(4232:4422): Recibi paquete del KERNEL
[DEBUG] 16:33:53:153 MEMORIA/(4232:4422): Recibi paquete del KERNEL
[DEBUG] 16:33:53:153 MEMORIA/(4232:4422): Recibi paquete del KERNEL
[DEBUG] 16:33:53:153 MEMORIA/(4232:4422): Recibi paquete del KERNEL
[DEBUG] 16:33:53:153 MEMORIA/(4232:4422): Recibi paquete del KERNEL
[DEBUG] 16:33:53:153 MEMORIA/(4232:4422): Recibi paquete del KERNEL
[DEBUG] 16:33:53:160 MEMORIA/(4232:4422): Recibi paquete del KERNEL
[DEBUG] 16:33:53:161 MEMORIA/(4232:4422): Recibi paquete del KERNEL
[DEBUG] 16:33:53:161 MEMORIA/(4232:4422): Recibi paquete del KERNEL
[DEBUG] 16:33:53:161 MEMORIA/(4232:4422): Recibi paquete del KERNEL
[DEBUG] 16:33:53:161 MEMORIA/(4232:4422): Recibi paquete del KERNEL
[DEBUG] 16:33:53:161 MEMORIA/(4232:4422): Recibi paquete del KERNEL
[DEBUG] 16:33:53:161 MEMORIA/(4232:4422): Recibi paquete del KERNEL
[DEBUG] 16:33:53:161 MEMORIA/(4232:4422): Recibi paquete del KERNEL
[DEBUG] 16:33:53:161 MEMORIA/(4232:4422): Recibi paquete del KERNEL
[DEBUG] 16:33:53:161 MEMORIA/(4232:4422): Recibi paquete del KERNEL
[DEBUG] 16:33:53:161 MEMORIA/(4232:4422): Recibi paquete del KERNEL
[DEBUG] 16:33:53:161 MEMORIA/(4232:4422): Recibi paquete del KERNEL
[DEBUG] 16:33:53:161 MEMORIA/(4232:4422): Recibi paquete del KERNEL
[DEBUG] 16:33:53:161 MEMORIA/(4232:4422): Recibi paquete del KERNEL
[DEBUG] 16:33:53:161 MEMORIA/(4232:4422): Recibi paquete del KERNEL
[DEBUG] 16:33:53:161 MEMORIA/(4232:4422): Recibi paquete del KERNEL
[DEBUG] 16:33:53:161 MEMORIA/(4232:4422): Recibi paquete del KERNEL
[DEBUG] 16:33:53:161 MEMORIA/(4232:4422): Recibi paquete del KERNEL
[DEBUG] 16:33:53:161 MEMORIA/(4232:4422): Recibi paquete del KERNEL
[DEBUG] 16:33:53:161 MEMORIA/(4232:4422): Recibi paquete del KERNEL
[DEBUG] 16:33:53:161 MEMORIA/(4232:4422): Recibi paquete del KERNEL
[DEBUG] 16:33:53:162 MEMORIA/(4232:4422): Recibi paquete del KERNEL
[DEBUG] 16:33:53:162 MEMORIA/(4232:4422): Recibi paquete del KERNEL
[DEBUG] 16:33:53:162 MEMORIA/(4232:4422): Recibi paquete del KERNEL
[DEBUG] 16:33:53:162 MEMORIA/(4232:4422): Recibi paquete del KERNEL
[DEBUG] 16:33:53:162 MEMORIA/(4232:4422): Recibi paquete del KERNEL
[DEBUG] 16:33:53:162 MEMORIA/(4232:4422): Recibi paquete del KERNEL
[DEBUG] 16:33:53:162 MEMORIA/(4232:4422): Recibi paquete del KERNEL
[DEBUG] 16:33:53:162 MEMORIA/(4232:4422): Recibi paquete del KERNEL
[DEBUG] 16:33:53:162 MEMORIA/(4232:4422): Recibi paquete del KERNEL
[DEBUG] 16:33:53:162 MEMORIA/(4232:4422): Recibi paquete del KERNEL
[DEBUG] 16:33:53:163 MEMORIA/(4232:4422): Recibi paquete del KERNEL
[DEBUG] 16:33:53:173 MEMORIA/(4232:4422): Recibi paquete del KERNEL
[DEBUG] 16:33:53:181 MEMORIA/(4232:4422): Recibi paquete del KERNEL
[DEBUG] 16:33:53:181 MEMORIA/(4232:4422): Recibi paquete del KERNEL
[DEBUG] 16:33:53:181 MEMORIA/(4232:4422): Recibi paquete del KERNEL
[DEBUG] 16:33:53:189 MEMORIA/(4232:4422): Recibi paquete del KERNEL
[DEBUG] 16:33:53:189 MEMORIA/(4232:4422): Recibi paquete del KERNEL
[DEBUG] 16:33:53:189 MEMORIA/(4232:4422): Recibi paquete del KERNEL
[DEBUG] 16:33:53:189 MEMORIA/(4232:4422): Recibi paquete del KERNEL
[DEBUG] 16:33:53:189 MEMORIA/(4232:4422): Recibi paquete del KERNEL
[DEBUG] 16:33:53:189 MEMORIA/(4232:4422): Recibi paquete del KERNEL
[DEBUG] 16:33:53:189 MEMORIA/(4232:4422): Recibi paquete del KERNEL
[DEBUG] 16:33:53:189 MEMORIA/(4232:4422): Recibi paquete del KERNEL
[DEBUG] 16:33:53:189 MEMORIA/(4232:4422): Recibi paquete del KERNEL
[DEBUG] 16:33:53:189 MEMORIA/(4232:4422): Recibi paquete del KERNEL
[DEBUG] 16:33:53:189 MEMORIA/(4232:4422): Recibi paquete del KERNEL
[DEBUG] 16:33:53:189 MEMORIA/(4232:4422): Recibi paquete del KERNEL
[DEBUG] 16:33:53:189 MEMORIA/(4232:4422): Recibi paquete del KERNEL
[DEBUG] 16:33:53:189 MEMORIA/(4232:4422): Recibi paquete del KERNEL
[DEBUG] 16:33:53:189 MEMORIA/(4232:4422): Recibi paquete del KERNEL
[DEBUG] 16:33:53:189 MEMORIA/(4232:4422): Recibi paquete del KERNEL
[DEBUG] 16:33:53:189 MEMORIA/(4232:4422): Recibi paquete del KERNEL
[DEBUG] 16:33:53:189 MEMORIA/(4232:4422): Recibi paquete del KERNEL
[DEBUG] 16:33:53:189 MEMORIA/(4232:4422): Recibi paquete del KERNEL
[DEBUG] 16:33:53:189 MEMORIA/(4232:4422): Recibi paquete del KERNEL
[DEBUG] 16:33:53:190 MEMORIA/(4232:4422): Recibi paquete del KERNEL
[DEBUG] 16:33:53:190 MEMORIA/(4232:4422): Recibi paquete del KERNEL
[DEBUG] 16:33:53:190 MEMORIA/(4232:4422): Recibi paquete del KERNEL
[DEBUG] 16:33:53:190 MEMORIA/(4232:4422): Recibi paquete del KERNEL
[DEBUG] 16:33:53:190 MEMORIA/(4232:4422): Recibi paquete del KERNEL
[DEBUG] 16:33:53:190 MEMORIA/(4232:4422): Recibi paquete del KERNEL
[DEBUG] 16:33:53:190 MEMORIA/(4232:4422): Recibi paquete del KERNEL
[DEBUG] 16:33:53:190 MEMORIA/(4232:4422): Recibi paquete del KERNEL
[DEBUG] 16:33:53:190 MEMORIA/(4232:4422): Recibi paquete del KERNEL
[DEBUG] 16:33:53:190 MEMORIA/(4232:4422): Recibi paquete del KERNEL
[DEBUG] 16:33:53:190 MEMORIA/(4232:4422): Recibi paquete del KERNEL
[DEBUG] 16:33:53:190 MEMORIA/(4232:4422): Recibi paquete del KERNEL
[DEBUG] 16:33:53:190 MEMORIA/(4232:4422): Recibi paquete del KERNEL
[DEBUG] 16:33:53:190 MEMORIA/(4232:4422): Recibi paquete del KERNEL
[DEBUG] 16:33:53:190 MEMORIA/(4232:4422): Recibi paquete del KERNEL
[DEBUG] 16:33:53:191 MEMORIA/(4232:4422): Recibi paquete del KERNEL
[DEBUG] 16:33:53:191 MEMORIA/(4232:4422): Recibi paquete del KERNEL
[DEBUG] 16:33:53:191 MEMORIA/(4232:4422): Recibi paquete del KERNEL
[DEBUG] 16:33:53:191 MEMORIA/(4232:4422): Recibi paquete del KERNEL
[DEBUG] 16:33:53:196 MEMORIA/(4232:4422): Recibi paquete del KERNEL
[DEBUG] 16:33:53:197 MEMORIA/(4232:4422): Recibi paquete del KERNEL
[DEBUG] 16:33:53:197 MEMORIA/(4232:4422): Recibi paquete del KERNEL
[DEBUG] 16:33:53:197 MEMORIA/(4232:4422): Recibi paquete del KERNEL
[DEBUG] 16:33:53:197 MEMORIA/(4232:4422): Recibi paquete del KERNEL
[DEBUG] 16:33:53:198 MEMORIA/(4232:4422): Recibi paquete del KERNEL
[DEBUG] 16:33:53:198 MEMORIA/(4232:4422): Recibi paquete del KERNEL
[DEBUG] 16:33:53:198 MEMORIA/(4232:4422): Recibi paquete del KERNEL
[DEBUG] 16:33:53:198 MEMORIA/(4232:4422): Recibi paquete del KERNEL
[DEBUG] 16:33:53:198 MEMORIA/(4232:4422): Recibi paquete del KERNEL
[DEBUG] 16:33:53:198 MEMORIA/(4232:4422): Recibi paquete del KERNEL
[DEBUG] 16:33:53:198 MEMORIA/(4232:4422): Recibi paquete del KERNEL
[DEBUG] 16:33:53:198 MEMORIA/(4232:4422): Recibi paquete del KERNEL
[DEBUG] 16:33:53:204 MEMORIA/(4232:4422): Recibi paquete del KERNEL
[DEBUG] 16:33:53:205 MEMORIA/(4232:4422): Recibi paquete del KERNEL
[DEBUG] 16:33:53:205 MEMORIA/(4232:4422): Recibi paquete del KERNEL
[DEBUG] 16:33:53:205 MEMORIA/(4232:4422): Recibi paquete del KERNEL
[DEBUG] 16:33:53:205 MEMORIA/(4232:4422): Recibi paquete del KERNEL
[DEBUG] 16:33:53:205 MEMORIA/(4232:4422): Recibi paquete del KERNEL
[DEBUG] 16:33:53:205 MEMORIA/(4232:4422): Recibi paquete del KERNEL
[DEBUG] 16:33:53:205 MEMORIA/(4232:4422): Recibi paquete del KERNEL
[DEBUG] 16:33:53:205 MEMORIA/(4232:4422): Recibi paquete del KERNEL
[DEBUG] 16:33:53:206 MEMORIA/(4232:4422): Recibi paquete del KERNEL
[DEBUG] 16:33:53:206 MEMORIA/(4232:4422): Recibi paquete del KERNEL
[DEBUG] 16:33:53:206 MEMORIA/(4232:4422): Recibi paquete del KERNEL
[DEBUG] 16:33:53:206 MEMORIA/(4232:4422): Recibi paquete del KERNEL
[DEBUG] 16:33:53:206 MEMORIA/(4232:4422): Recibi paquete del KERNEL
[DEBUG] 16:33:53:206 MEMORIA/(4232:4422): Recibi paquete del KERNEL
[DEBUG] 16:33:53:206 MEMORIA/(4232:4422): Recibi paquete del KERNEL
[DEBUG] 16:33:53:207 MEMORIA/(4232:4422): Recibi paquete del KERNEL
[DEBUG] 16:33:53:207 MEMORIA/(4232:4422): Recibi paquete del KERNEL
[DEBUG] 16:33:53:207 MEMORIA/(4232:4422): Recibi paquete del KERNEL
[DEBUG] 16:33:53:207 MEMORIA/(4232:4422): Recibi paquete del KERNEL
[DEBUG] 16:33:53:207 MEMORIA/(4232:4422): Recibi paquete del KERNEL
[DEBUG] 16:33:53:207 MEMORIA/(4232:4422): Recibi paquete del KERNEL
[DEBUG] 16:33:53:207 MEMORIA/(4232:4422): Recibi paquete del KERNEL
[DEBUG] 16:33:53:207 MEMORIA/(4232:4422): Recibi paquete del KERNEL
[DEBUG] 16:33:53:207 MEMORIA/(4232:4422): Recibi paquete del KERNEL
[DEBUG] 16:33:53:207 MEMORIA/(4232:4422): Recibi paquete del KERNEL
[DEBUG] 16:33:53:207 MEMORIA/(4232:4422): Recibi paquete del KERNEL
[DEBUG] 16:33:53:207 MEMORIA/(4232:4422): Recibi paquete del KERNEL
[DEBUG] 16:33:53:207 MEMORIA/(4232:4422): Recibi paquete del KERNEL
[DEBUG] 16:33:53:207 MEMORIA/(4232:4422): Recibi paquete del KERNEL
[DEBUG] 16:33:53:207 MEMORIA/(4232:4422): Recibi paquete del KERNEL
[DEBUG] 16:33:53:207 MEMORIA/(4232:4422): Recibi paquete del KERNEL
[DEBUG] 16:33:53:207 MEMORIA/(4232:4422): Recibi paquete del KERNEL
[DEBUG] 16:33:53:207 MEMORIA/(4232:4422): Recibi paquete del KERNEL
[DEBUG] 16:33:53:207 MEMORIA/(4232:4422): Recibi paquete del KERNEL
[DEBUG] 16:33:53:207 MEMORIA/(4232:4422): Recibi paquete del KERNEL
[DEBUG] 16:33:53:208 MEMORIA/(4232:4422): Recibi paquete del KERNEL
[DEBUG] 16:33:53:209 MEMORIA/(4232:4422): Recibi paquete del KERNEL
[DEBUG] 16:33:53:209 MEMORIA/(4232:4422): Recibi paquete del KERNEL
[DEBUG] 16:33:53:209 MEMORIA/(4232:4422): Recibi paquete del KERNEL
[DEBUG] 16:33:53:209 MEMORIA/(4232:4422): Recibi paquete del KERNEL
[DEBUG] 16:33:53:209 MEMORIA/(4232:4422): Recibi paquete del KERNEL
[DEBUG] 16:33:53:209 MEMORIA/(4232:4422): Recibi paquete del KERNEL
[DEBUG] 16:33:53:209 MEMORIA/(4232:4422): Recibi paquete del KERNEL
[DEBUG] 16:33:53:209 MEMORIA/(4232:4422): Recibi paquete del KERNEL
[DEBUG] 16:33:53:209 MEMORIA/(4232:4422): Recibi paquete del KERNEL
[DEBUG] 16:33:53:209 MEMORIA/(4232:4422): Recibi paquete del KERNEL
[DEBUG] 16:33:53:209 MEMORIA/(4232:4422): Recibi paquete del KERNEL
[DEBUG] 16:33:53:210 MEMORIA/(4232:4422): Recibi paquete del KERNEL
[DEBUG] 16:33:53:210 MEMORIA/(4232:4422): Recibi paquete del KERNEL
[DEBUG] 16:33:53:210 MEMORIA/(4232:4422): Recibi paquete del KERNEL
[DEBUG] 16:33:53:210 MEMORIA/(4232:4422): Recibi paquete del KERNEL
[DEBUG] 16:33:53:210 MEMORIA/(4232:4422): Recibi paquete del KERNEL
[DEBUG] 16:33:53:217 MEMORIA/(4232:4422): Recibi paquete del KERNEL
[DEBUG] 16:33:53:217 MEMORIA/(4232:4422): Recibi paquete del KERNEL
[DEBUG] 16:33:53:217 MEMORIA/(4232:4422): Recibi paquete del KERNEL
[DEBUG] 16:33:53:217 MEMORIA/(4232:4422): Recibi paquete del KERNEL
[DEBUG] 16:33:53:217 MEMORIA/(4232:4422): Recibi paquete del KERNEL
[DEBUG] 16:33:53:217 MEMORIA/(4232:4422): Recibi paquete del KERNEL
[DEBUG] 16:33:53:217 MEMORIA/(4232:4422): Recibi paquete del KERNEL
[DEBUG] 16:33:53:217 MEMORIA/(4232:4422): Recibi paquete del KERNEL
[DEBUG] 16:33:53:217 MEMORIA/(4232:4422): Recibi paquete del KERNEL
[DEBUG] 16:33:53:217 MEMORIA/(4232:4422): Recibi paquete del KERNEL
[DEBUG] 16:33:53:217 MEMORIA/(4232:4422): Recibi paquete del KERNEL
[DEBUG] 16:33:53:217 MEMORIA/(4232:4422): Recibi paquete del KERNEL
[DEBUG] 16:33:53:217 MEMORIA/(4232:4422): Recibi paquete del KERNEL
[DEBUG] 16:33:53:217 MEMORIA/(4232:4422): Recibi paquete del KERNEL
[DEBUG] 16:33:53:217 MEMORIA/(4232:4422): Recibi paquete del KERNEL
[DEBUG] 16:33:53:217 MEMORIA/(4232:4422): Recibi paquete del KERNEL
[DEBUG] 16:33:53:217 MEMORIA/(4232:4422): Recibi paquete del KERNEL
[DEBUG] 16:33:53:217 MEMORIA/(4232:4422): Recibi paquete del KERNEL
[DEBUG] 16:33:53:217 MEMORIA/(4232:4422): Recibi paquete del KERNEL
[DEBUG] 16:33:53:218 MEMORIA/(4232:4422): Recibi paquete del KERNEL
[DEBUG] 16:33:53:218 MEMORIA/(4232:4422): Recibi paquete del KERNEL
[DEBUG] 16:33:53:218 MEMORIA/(4232:4422): Recibi paquete del KERNEL
[DEBUG] 16:33:53:218 MEMORIA/(4232:4422): Recibi paquete del KERNEL
[DEBUG] 16:33:53:218 MEMORIA/(4232:4422): Recibi paquete del KERNEL
[DEBUG] 16:33:53:218 MEMORIA/(4232:4422): Recibi paquete del KERNEL
[DEBUG] 16:33:53:218 MEMORIA/(4232:4422): Recibi paquete del KERNEL
[DEBUG] 16:33:53:218 MEMORIA/(4232:4422): Recibi paquete del KERNEL
[DEBUG] 16:33:53:218 MEMORIA/(4232:4422): Recibi paquete del KERNEL
[DEBUG] 16:33:53:218 MEMORIA/(4232:4422): Recibi paquete del KERNEL
[DEBUG] 16:33:53:218 MEMORIA/(4232:4422): Recibi paquete del KERNEL
[DEBUG] 16:33:53:218 MEMORIA/(4232:4422): Recibi paquete del KERNEL
[DEBUG] 16:33:53:218 MEMORIA/(4232:4422): Recibi paquete del KERNEL
[DEBUG] 16:33:53:218 MEMORIA/(4232:4422): Recibi paquete del KERNEL
[DEBUG] 16:33:53:218 MEMORIA/(4232:4422): Recibi paquete del KERNEL
[DEBUG] 16:33:53:218 MEMORIA/(4232:4422): Recibi paquete del KERNEL
[DEBUG] 16:33:53:218 MEMORIA/(4232:4422): Recibi paquete del KERNEL
[DEBUG] 16:33:53:218 MEMORIA/(4232:4422): Recibi paquete del KERNEL
[DEBUG] 16:33:53:218 MEMORIA/(4232:4422): Recibi paquete del KERNEL
[DEBUG] 16:33:53:218 MEMORIA/(4232:4422): Recibi paquete del KERNEL
[DEBUG] 16:33:53:218 MEMORIA/(4232:4422): Recibi paquete del KERNEL
[DEBUG] 16:33:53:218 MEMORIA/(4232:4422): Recibi paquete del KERNEL
[DEBUG] 16:33:53:218 MEMORIA/(4232:4422): Recibi paquete del KERNEL
[DEBUG] 16:33:53:219 MEMORIA/(4232:4422): Recibi paquete del KERNEL
[DEBUG] 16:33:53:219 MEMORIA/(4232:4422): Recibi paquete del KERNEL
[DEBUG] 16:33:53:224 MEMORIA/(4232:4422): Recibi paquete del KERNEL
[DEBUG] 16:33:53:224 MEMORIA/(4232:4422): Recibi paquete del KERNEL
[DEBUG] 16:33:53:224 MEMORIA/(4232:4422): Recibi paquete del KERNEL
[DEBUG] 16:33:53:224 MEMORIA/(4232:4422): Recibi paquete del KERNEL
[DEBUG] 16:33:53:224 MEMORIA/(4232:4422): Recibi paquete del KERNEL
[DEBUG] 16:33:53:224 MEMORIA/(4232:4422): Recibi paquete del KERNEL
[DEBUG] 16:33:53:224 MEMORIA/(4232:4422): Recibi paquete del KERNEL
[DEBUG] 16:33:53:224 MEMORIA/(4232:4422): Recibi paquete del KERNEL
[DEBUG] 16:33:53:224 MEMORIA/(4232:4422): Recibi paquete del KERNEL
[DEBUG] 16:33:53:224 MEMORIA/(4232:4422): Recibi paquete del KERNEL
[DEBUG] 16:33:53:224 MEMORIA/(4232:4422): Recibi paquete del KERNEL
[DEBUG] 16:33:53:224 MEMORIA/(4232:4422): Recibi paquete del KERNEL
[DEBUG] 16:33:53:224 MEMORIA/(4232:4422): Recibi paquete del KERNEL
[DEBUG] 16:33:53:224 MEMORIA/(4232:4422): Recibi paquete del KERNEL
[DEBUG] 16:33:53:224 MEMORIA/(4232:4422): Recibi paquete del KERNEL
[DEBUG] 16:33:53:225 MEMORIA/(4232:4422): Recibi paquete del KERNEL
[DEBUG] 16:33:53:225 MEMORIA/(4232:4422): Recibi paquete del KERNEL
[DEBUG] 16:33:53:225 MEMORIA/(4232:4422): Recibi paquete del KERNEL
[DEBUG] 16:33:53:225 MEMORIA/(4232:4422): Recibi paquete del KERNEL
[DEBUG] 16:33:53:225 MEMORIA/(4232:4422): Recibi paquete del KERNEL
[DEBUG] 16:33:53:225 MEMORIA/(4232:4422): Recibi paquete del KERNEL
[DEBUG] 16:33:53:225 MEMORIA/(4232:4422): Recibi paquete del KERNEL
[DEBUG] 16:33:53:225 MEMORIA/(4232:4422): Recibi paquete del KERNEL
[DEBUG] 16:33:53:225 MEMORIA/(4232:4422): Recibi paquete del KERNEL
[DEBUG] 16:33:53:225 MEMORIA/(4232:4422): Recibi paquete del KERNEL
[DEBUG] 16:33:53:225 MEMORIA/(4232:4422): Recibi paquete del KERNEL
[DEBUG] 16:33:53:225 MEMORIA/(4232:4422): Recibi paquete del KERNEL
[DEBUG] 16:33:53:225 MEMORIA/(4232:4422): Recibi paquete del KERNEL
[DEBUG] 16:33:53:225 MEMORIA/(4232:4422): Recibi paquete del KERNEL
[DEBUG] 16:33:53:225 MEMORIA/(4232:4422): Recibi paquete del KERNEL
[DEBUG] 16:33:53:225 MEMORIA/(4232:4422): Recibi paquete del KERNEL
[DEBUG] 16:33:53:225 MEMORIA/(4232:4422): Recibi paquete del KERNEL
